This is pdfTeX, Version 3.14159265-2.6-1.40.21 (TeX Live 2020/Debian) (preloaded format=pdflatex 2021.6.10)  7 AUG 2021 16:58
entering extended mode
 restricted \write18 enabled.
 file:line:error style messages enabled.
 %&-line parsing enabled.
**/home/pabsantos/Documents/masters_quali/main.tex
(/home/pabsantos/Documents/masters_quali/main.tex
LaTeX2e <2020-02-02> patch level 5
L3 programming layer <2020-07-17> (/usr/share/texlive/texmf-dist/tex/latex/abntex2/abntex2.cls
Document Class: abntex2 2018/11/24 v-1.9.7 abnTeX2
(/usr/share/texlive/texmf-dist/tex/latex/base/ifthen.sty
Package: ifthen 2014/09/29 v1.1c Standard LaTeX ifthen package (DPC)
) (/usr/share/texlive/texmf-dist/tex/latex/memoir/memoir.cls
Document Class: memoir 2020/06/02 v3.7l configurable book, report, article document class
\onelineskip=\skip47
\lxvchars=\skip48
\xlvchars=\skip49
\@memcnta=\count168
\c@@memmarkcntra=\count169
LaTeX Info: Redefining \InputIfFileExists on input line 140.
(/usr/share/texlive/texmf-dist/tex/generic/iftex/iftex.sty
Package: iftex 2020/03/06 v1.0d TeX engine tests
)
\stockheight=\skip50
\stockwidth=\skip51
\trimtop=\skip52
\trimedge=\skip53
 (/usr/share/texlive/texmf-dist/tex/latex/memoir/mem12.clo
File: mem12.clo 2010/10/19 v0.4b memoir class 12pt size option
)
\binding=\skip54
\spinemargin=\skip55
\foremargin=\skip56
\uppermargin=\skip57
\lowermargin=\skip58
\headdrop=\skip59
\normalrulethickness=\skip60
\mem@maxheadheight=\skip61
\mem@maxfootheight=\skip62
\headwidth=\skip63
\c@storedpagenumber=\count170
\memPD=\dimen134
\m@mabparskip=\skip64
\thanksmarkwidth=\skip65
\thanksmarksep=\skip66
\droptitle=\skip67
\c@book=\count171
\c@part=\count172
\c@chapter=\count173
\c@section=\count174
\c@subsection=\count175
\c@subsubsection=\count176
\c@paragraph=\count177
\c@subparagraph=\count178
\beforechapskip=\skip68
\midchapskip=\skip69
\afterchapskip=\skip70
\chapindent=\skip71
\bottomsectionskip=\skip72
\secindent=\skip73
\beforesecskip=\skip74
\aftersecskip=\skip75
\subsecindent=\skip76
\beforesubsecskip=\skip77
\aftersubsecskip=\skip78
\subsubsecindent=\skip79
\beforesubsubsecskip=\skip80
\aftersubsubsecskip=\skip81
\paraindent=\skip82
\beforeparaskip=\skip83
\afterparaskip=\skip84
\subparaindent=\skip85
\beforesubparaskip=\skip86
\aftersubparaskip=\skip87
\pfbreakskip=\skip88
\c@@ppsavesec=\count179
\c@@ppsaveapp=\count180
\ragrparindent=\dimen135
\everylistparindent=\dimen136
\parsepi=\skip89
\topsepi=\skip90
\itemsepi=\skip91
\parsepii=\skip92
\topsepii=\skip93
\topsepiii=\skip94
\itemsepii=\skip95
\itemsepiii=\skip96
\partopsepii=\skip97
\partopsepiii=\skip98
\m@msavetopsep=\skip99
\m@msavepartopsep=\skip100
\@enLab=\toks15
\abstitleskip=\skip101
\absleftindent=\skip102
\abs@leftindent=\dimen137
\absrightindent=\skip103
\absparindent=\skip104
\absparsep=\skip105
\c@vslineno=\count181
\c@poemline=\count182
\c@modulo@vs=\count183
\c@memfvsline=\count184
\vleftskip=\skip106
\vrightskip=\skip107
\stanzaskip=\skip108
\versewidth=\skip109
\vgap=\skip110
\vindent=\skip111
\vleftmargin=\dimen138
\c@verse=\count185
\c@chrsinstr=\count186
\beforepoemtitleskip=\skip112
\afterpoemtitleskip=\skip113
\c@poem=\count187
\beforePoemTitleskip=\skip114
\midPoemTitleskip=\skip115
\afterPoemTitleskip=\skip116
 (/usr/share/texlive/texmf-dist/tex/latex/tools/array.sty
Package: array 2019/08/31 v2.4l Tabular extension package (FMi)
\col@sep=\dimen139
\ar@mcellbox=\box45
\extrarowheight=\dimen140
\NC@list=\toks16
\extratabsurround=\skip117
\backup@length=\skip118
\ar@cellbox=\box46
) (/usr/share/texlive/texmf-dist/tex/latex/tools/dcolumn.sty
Package: dcolumn 2014/10/28 v1.06 decimal alignment package (DPC)
) (/usr/share/texlive/texmf-dist/tex/latex/tools/delarray.sty
Package: delarray 2014/10/28 v1.01 array delimiter package (DPC)
) (/usr/share/texlive/texmf-dist/tex/latex/tools/tabularx.sty
Package: tabularx 2020/01/15 v2.11c `tabularx' package (DPC)
\TX@col@width=\dimen141
\TX@old@table=\dimen142
\TX@old@col=\dimen143
\TX@target=\dimen144
\TX@delta=\dimen145
\TX@cols=\count188
\TX@ftn=\toks17
)
\heavyrulewidth=\dimen146
\lightrulewidth=\dimen147
\cmidrulewidth=\dimen148
\belowrulesep=\dimen149
\belowbottomsep=\dimen150
\aboverulesep=\dimen151
\abovetopsep=\dimen152
\cmidrulesep=\dimen153
\cmidrulekern=\dimen154
\defaultaddspace=\dimen155
\@cmidla=\count189
\@cmidlb=\count190
\@aboverulesep=\dimen156
\@belowrulesep=\dimen157
\@thisruleclass=\count191
\@lastruleclass=\count192
\@thisrulewidth=\dimen158
\ctableftskip=\skip119
\ctabrightskip=\skip120
\abovecolumnspenalty=\count193
\@linestogo=\count194
\@cellstogo=\count195
\@cellsincolumn=\count196
\crtok=\toks18
\@mincolumnwidth=\dimen159
\c@newflo@tctr=\count197
\mem@margin@floatbox=\box47
\@contcwidth=\skip121
\@contindw=\skip122
\abovecaptionskip=\skip123
\belowcaptionskip=\skip124
\subfloattopskip=\skip125
\subfloatcapskip=\skip126
\subfloatcaptopadj=\skip127
\subfloatbottomskip=\skip128
\subfloatlabelskip=\skip129
\subfloatcapmargin=\dimen160
\c@@contsubnum=\count198
\m@mscap@capbox=\box48
\m@mscap@fbox=\box49
\sidecapsep=\dimen161
\sidecapwidth=\dimen162
\m@m@tempdima=\dimen163
\m@mscapraise=\dimen164
\sidecapraise=\dimen165
\m@mscapmainwidth=\dimen166
\m@mscaplkern=\dimen167
\beforeepigraphskip=\skip130
\afterepigraphskip=\skip131
\epigraphwidth=\skip132
\epigraphrule=\skip133
LaTeX Info: Redefining \em on input line 7664.
LaTeX Info: Redefining \emph on input line 7672.
\tocentryskip=\skip134
\tocbaseline=\skip135
\cftparskip=\skip136
\cftbeforebookskip=\skip137
\cftbookindent=\dimen168
\cftbooknumwidth=\dimen169
\cftbeforepartskip=\skip138
\cftpartindent=\skip139
\cftpartnumwidth=\skip140
\cftbeforechapterskip=\skip141
\cftchapterindent=\skip142
\cftchapternumwidth=\skip143
\cftbeforesectionskip=\skip144
\cftsectionindent=\skip145
\cftsectionnumwidth=\skip146
\cftbeforesubsectionskip=\skip147
\cftsubsectionindent=\skip148
\cftsubsectionnumwidth=\skip149
\cftbeforesubsubsectionskip=\skip150
\cftsubsubsectionindent=\skip151
\cftsubsubsectionnumwidth=\skip152
\cftbeforeparagraphskip=\skip153
\cftparagraphindent=\skip154
\cftparagraphnumwidth=\skip155
\cftbeforesubparagraphskip=\skip156
\cftsubparagraphindent=\skip157
\cftsubparagraphnumwidth=\skip158
\prechapterprecisshift=\dimen170
\c@maxsecnumdepth=\count199
\bibindent=\dimen171
\bibitemsep=\skip159
\indexcolsep=\skip160
\indexrule=\skip161
\indexmarkstyle=\toks19
\@indexbox=\insert252
\glossarycolsep=\dimen172
\glossaryrule=\dimen173
\sideparvshift=\skip162
\sideins=\insert251
\sidebartopsep=\skip163
\sidebarhsep=\skip164
\sidebarvsep=\skip165
\sidebarwidth=\skip166
\footmarkwidth=\skip167
\footmarksep=\skip168
\footparindent=\skip169
\footinsdim=\skip170
\footinsv@r=\insert250
\@mpfootinsv@r=\insert249
\m@m@k=\count266
\m@m@h=\dimen174
\m@mipn@skip=\skip171
\sidefootins=\insert248
\sidefootadjust=\skip172
\sidefootheight=\skip173
\sidefoothsep=\skip174
\sidefootvsep=\skip175
\sidefootwidth=\skip176
\m@mdownsf=\skip177
\c@sidefootnote=\count267
\sidefootmarkwidth=\skip178
\sidefootmarksep=\skip179
\sidefootparindent=\skip180
\c@pagenote=\count268
\c@pagenoteshadow=\count269
\mem@pn@lastkern=\skip181
\every@verbatim=\toks20
\afterevery@verbatim=\toks21
\verbatim@line=\toks22
\tab@position=\count270
\verbatim@in@stream=\read2
\verbatimindent=\skip182
\verbatim@out=\write3
\bvboxsep=\skip183
\c@memfbvline=\count271
\c@bvlinectr=\count272
\bvnumlength=\skip184
\fb@frw=\dimen175
\fb@frh=\dimen176
\FrameRule=\dimen177
\FrameSep=\dimen178
\c@cp@cntr=\count273
LaTeX Info: Redefining \: on input line 12199.
LaTeX Info: Redefining \! on input line 12199.
\c@ism@mctr=\count274
\c@xsm@mctr=\count275
\c@csm@mctr=\count276
\c@ksm@mctr=\count277
\c@xksm@mctr=\count278
\c@cksm@mctr=\count279
\c@msm@mctr=\count280
\c@xmsm@mctr=\count281
\c@cmsm@mctr=\count282
\c@bsm@mctr=\count283
\c@workm@mctr=\count284
\c@sheetsequence=\count285
\c@lastsheet=\count286
\c@lastpage=\count287
 (/usr/share/texlive/texmf-dist/tex/latex/textcase/textcase.sty
Package: textcase 2019/09/14 v1.00 Text only upper/lower case changing (DPC)
)
\c@figure=\count288
\c@lofdepth=\count289
\cftbeforefigureskip=\skip185
\cftfigureindent=\skip186
\cftfigurenumwidth=\skip187
\c@table=\count290
\c@lotdepth=\count291
\cftbeforetableskip=\skip188
\cfttableindent=\skip189
\cfttablenumwidth=\skip190
Package abstract [2008/07/23] emulated by memoir.
Package appendix [2008/07/23] emulated by memoir.
Package booktabs [2016/05/16] emulated by memoir.
Package ccaption [2008/07/23] emulated by memoir.
Package changepage [2008/07/23] emulated by memoir.
Package chngcntr [2008/07/23] emulated by memoir.
Package chngpage [2008/07/23] emulated by memoir.
Package crop emulated by memoir.
Package enumerate [2008/07/23] emulated by memoir.
Package epigraph [2008/07/23] emulated by memoir.
Package ifmtarg [2008/07/23] emulated by memoir.
Package index [2008/07/23] emulated by memoir.
Package makeidx [2008/07/23] emulated by memoir.
Package moreverb [2008/07/23] emulated by memoir.
Package mparhack [2008/07/23] emulated by memoir.
Package needspace [2008/07/23] emulated by memoir.
Package newfile [2008/07/23] emulated by memoir.
Package nextpage [2008/07/23] emulated by memoir.
Package pagenote [2008/07/23] emulated by memoir.
Package parskip [2008/07/23] emulated by memoir.
Package patchcmd [2008/07/23] emulated by memoir.
Package setspace [2008/07/23] emulated by memoir.
Package shortvrb [2008/07/23] emulated by memoir.
Package showidx [2008/07/23] emulated by memoir.
Package titleref [2008/07/23] emulated by memoir.
Package titling [2008/07/23] emulated by memoir.
Package tocbibind [2008/07/23] emulated by memoir.
Package tocloft [2008/07/23] emulated by memoir.
Package tocvsec2 [2008/07/23] emulated by memoir.
Package verbatim [2008/07/23] emulated by memoir.
Package verse [2008/07/23] emulated by memoir.
) (/usr/share/texlive/texmf-dist/tex/latex/hyperref/hyperref.sty
Package: hyperref 2020-05-15 v7.00e Hypertext links for LaTeX
 (/usr/share/texlive/texmf-dist/tex/generic/ltxcmds/ltxcmds.sty
Package: ltxcmds 2019/12/15 v1.24 LaTeX kernel commands for general use (HO)
) (/usr/share/texlive/texmf-dist/tex/generic/pdftexcmds/pdftexcmds.sty
Package: pdftexcmds 2020-06-27 v0.33 Utility functions of pdfTeX for LuaTeX (HO)
 (/usr/share/texlive/texmf-dist/tex/generic/infwarerr/infwarerr.sty
Package: infwarerr 2019/12/03 v1.5 Providing info/warning/error messages (HO)
)
Package pdftexcmds Info: \pdf@primitive is available.
Package pdftexcmds Info: \pdf@ifprimitive is available.
Package pdftexcmds Info: \pdfdraftmode found.
) (/usr/share/texlive/texmf-dist/tex/latex/graphics/keyval.sty
Package: keyval 2014/10/28 v1.15 key=value parser (DPC)
\KV@toks@=\toks23
) (/usr/share/texlive/texmf-dist/tex/generic/kvsetkeys/kvsetkeys.sty
Package: kvsetkeys 2019/12/15 v1.18 Key value parser (HO)
) (/usr/share/texlive/texmf-dist/tex/generic/kvdefinekeys/kvdefinekeys.sty
Package: kvdefinekeys 2019-12-19 v1.6 Define keys (HO)
) (/usr/share/texlive/texmf-dist/tex/generic/pdfescape/pdfescape.sty
Package: pdfescape 2019/12/09 v1.15 Implements pdfTeX's escape features (HO)
) (/usr/share/texlive/texmf-dist/tex/latex/hycolor/hycolor.sty
Package: hycolor 2020-01-27 v1.10 Color options for hyperref/bookmark (HO)
) (/usr/share/texlive/texmf-dist/tex/latex/letltxmacro/letltxmacro.sty
Package: letltxmacro 2019/12/03 v1.6 Let assignment for LaTeX macros (HO)
) (/usr/share/texlive/texmf-dist/tex/latex/auxhook/auxhook.sty
Package: auxhook 2019-12-17 v1.6 Hooks for auxiliary files (HO)
) (/usr/share/texlive/texmf-dist/tex/latex/kvoptions/kvoptions.sty
Package: kvoptions 2019/11/29 v3.13 Key value format for package options (HO)
)
\@linkdim=\dimen179
\Hy@linkcounter=\count292
\Hy@pagecounter=\count293
 (/usr/share/texlive/texmf-dist/tex/latex/hyperref/pd1enc.def
File: pd1enc.def 2020-05-15 v7.00e Hyperref: PDFDocEncoding definition (HO)
Now handling font encoding PD1 ...
... no UTF-8 mapping file for font encoding PD1
) (/usr/share/texlive/texmf-dist/tex/generic/intcalc/intcalc.sty
Package: intcalc 2019/12/15 v1.3 Expandable calculations with integers (HO)
) (/usr/share/texlive/texmf-dist/tex/generic/etexcmds/etexcmds.sty
Package: etexcmds 2019/12/15 v1.7 Avoid name clashes with e-TeX commands (HO)
)
\Hy@SavedSpaceFactor=\count294
Package hyperref Info: Hyper figures OFF on input line 4464.
Package hyperref Info: Link nesting OFF on input line 4469.
Package hyperref Info: Hyper index ON on input line 4472.
Package hyperref Info: Plain pages OFF on input line 4479.
Package hyperref Info: Backreferencing OFF on input line 4484.
Package hyperref Info: Implicit mode ON; LaTeX internals redefined.
Package hyperref Info: Bookmarks ON on input line 4717.
\c@Hy@tempcnt=\count295
 (/usr/share/texlive/texmf-dist/tex/latex/url/url.sty
\Urlmuskip=\muskip16
Package: url 2013/09/16  ver 3.4  Verb mode for urls, etc.
)
LaTeX Info: Redefining \url on input line 5076.
\XeTeXLinkMargin=\dimen180
 (/usr/share/texlive/texmf-dist/tex/generic/bitset/bitset.sty
Package: bitset 2019/12/09 v1.3 Handle bit-vector datatype (HO)
 (/usr/share/texlive/texmf-dist/tex/generic/bigintcalc/bigintcalc.sty
Package: bigintcalc 2019/12/15 v1.5 Expandable calculations on big integers (HO)
))
\Fld@menulength=\count296
\Field@Width=\dimen181
\Fld@charsize=\dimen182
Package hyperref Info: Hyper figures OFF on input line 6347.
Package hyperref Info: Link nesting OFF on input line 6352.
Package hyperref Info: Hyper index ON on input line 6355.
Package hyperref Info: backreferencing OFF on input line 6362.
Package hyperref Info: Link coloring OFF on input line 6367.
Package hyperref Info: Link coloring with OCG OFF on input line 6372.
Package hyperref Info: PDF/A mode OFF on input line 6377.
LaTeX Info: Redefining \ref on input line 6417.
LaTeX Info: Redefining \pageref on input line 6421.
 (/usr/share/texlive/texmf-dist/tex/generic/atbegshi/atbegshi.sty
Package: atbegshi 2019/12/05 v1.19 At begin shipout hook (HO)
)
\Hy@abspage=\count297
\c@Item=\count298
\c@Hfootnote=\count299
) (/usr/share/texlive/texmf-dist/tex/latex/memoir/memhfixc.sty
Package: memhfixc 2019/10/24 v1.18 nameref/hyperref package fixes for memoir class
\c@memhycontfloat=\count300
\c@Hpagenote=\count301
)
Package hyperref Info: Driver (autodetected): hpdftex.
 (/usr/share/texlive/texmf-dist/tex/latex/hyperref/hpdftex.def
File: hpdftex.def 2020-05-15 v7.00e Hyperref driver for pdfTeX
 (/usr/share/texlive/texmf-dist/tex/latex/atveryend/atveryend.sty
Package: atveryend 2019-12-11 v1.11 Hooks at the very end of document (HO)
Package atveryend Info: \enddocument detected (standard20110627).
)
\Fld@listcount=\count302
\c@bookmark@seq@number=\count303
 (/usr/share/texlive/texmf-dist/tex/latex/rerunfilecheck/rerunfilecheck.sty
Package: rerunfilecheck 2019/12/05 v1.9 Rerun checks for auxiliary files (HO)
 (/usr/share/texlive/texmf-dist/tex/generic/uniquecounter/uniquecounter.sty
Package: uniquecounter 2019/12/15 v1.4 Provide unlimited unique counter (HO)
)
Package uniquecounter Info: New unique counter `rerunfilecheck' on input line 286.
)
\Hy@SectionHShift=\skip191
) (/usr/share/texlive/texmf-dist/tex/latex/bookmark/bookmark.sty
Package: bookmark 2019/12/03 v1.28 PDF bookmarks (HO)
 (/usr/share/texlive/texmf-dist/tex/latex/bookmark/bkm-pdftex.def
File: bkm-pdftex.def 2019/12/03 v1.28 bookmark driver for pdfTeX (HO)
\BKM@id=\count304
)) (/usr/share/texlive/texmf-dist/tex/generic/babel/babel.sty
Package: babel 2020/07/13 3.47 The Babel package
 (/usr/share/texlive/texmf-dist/tex/generic/babel/babel.def
File: babel.def 2020/07/13 3.47 Babel common definitions
\babel@savecnt=\count305
\U@D=\dimen183
\l@babelnohyphens=\language86
 (/usr/share/texlive/texmf-dist/tex/generic/babel/txtbabel.def)
\bbl@readstream=\read3
)
\bbl@dirlevel=\count306
 (/usr/share/texlive/texmf-dist/tex/generic/babel-english/english.ldf
Language: english 2017/06/06 v3.3r English support from the babel system
Package babel Info: \l@canadian = using hyphenrules for english
(babel)             (\language0) on input line 102.
Package babel Info: \l@australian = using hyphenrules for ukenglish
(babel)             (\language84) on input line 105.
Package babel Info: \l@newzealand = using hyphenrules for ukenglish
(babel)             (\language84) on input line 108.
) (/usr/share/texlive/texmf-dist/tex/generic/babel-spanish/spanish.ldf
Language: spanish.ldf 2016/03/03 v5.0p Spanish support from the babel system
\es@quottoks=\toks24
\es@quotdepth=\count307
Package babel Info: Making " an active character on input line 561.
Package babel Info: Making . an active character on input line 662.
Package babel Info: Making < an active character on input line 707.
Package babel Info: Making > an active character on input line 707.
) (/usr/share/texlive/texmf-dist/tex/generic/babel-portuges/brazil.ldf
Language: portuges 2020/05/04 v1.2r Portuguese support from the babel system
Package babel Info: \l@brazil = using hyphenrules for portuguese
(babel)             (\language73) on input line 111.
)) (/usr/share/texlive/texmf-dist/tex/latex/enumitem/enumitem.sty
Package: enumitem 2019/06/20 v3.9 Customized lists
\labelindent=\skip192
\enit@outerparindent=\dimen184
\enit@toks=\toks25
\enit@inbox=\box50
\enit@count@id=\count308
\enitdp@description=\count309
) (/usr/share/texlive/texmf-dist/tex/latex/tools/calc.sty
Package: calc 2017/05/25 v4.3 Infix arithmetic (KKT,FJ)
\calc@Acount=\count310
\calc@Bcount=\count311
\calc@Adimen=\dimen185
\calc@Bdimen=\dimen186
\calc@Askip=\skip193
\calc@Bskip=\skip194
LaTeX Info: Redefining \setlength on input line 80.
LaTeX Info: Redefining \addtolength on input line 81.
\calc@Ccount=\count312
\calc@Cskip=\skip195
)

******************************************************
Stock height and width: 845.04684pt by 597.50787pt
Top and edge trims: 0pt and 0pt
Page height and width: 845.04684pt by 597.50787pt
Text height and width: 708pt by 455pt
Spine and edge margins: 85.35826pt and 56.9055pt
Upper and lower margins: 85.35826pt and 51.68858pt
Headheight and headsep: 14.5pt and 19.8738pt
Footskip: 30pt
Columnsep and columnseprule: 10pt and 0pt
Marginparsep and marginparwidth: 7pt and 42.9055pt
Sidecapsep and sidecapwidth: 7pt and 42pt
Sidebarhsep and sidebarwidth: 7pt and 42pt
Sidebarvsep and sidebartopsep: 14.5pt and 0pt
Sidebarheight: 590.14995pt
Sidefoothsep and sidefootwidth: 7pt and 42pt
Sidefootvsep and sidefootheight: 14.5pt and 590.14995pt
******************************************************

\c@abntex@bookmarkcounter=\count313
\cftlastnumwidth=\skip196
\chapternamenumlength=\skip197
\ABNTEXcitacaorecuo=\skip198
\c@alineasi=\count314
\c@alineasii=\count315
\enitdp@alineas=\count316
\c@subalineasi=\count317
\enitdp@subalineas=\count318
\c@incisosi=\count319
\enitdp@incisos=\count320
\ABNTEXsignwidth=\skip199
\ABNTEXsignthickness=\skip256
\ABNTEXsignskip=\skip257
) (/home/pabsantos/Documents/masters_quali/UFPR.sty
Package: UFPR 2011/12/04 Criacao desta customizacao do abnTeX2 para UFPR
 (/usr/share/texlive/texmf-dist/tex/latex/bigfoot/suffix.sty
Package: suffix 2006/07/15 1.5a Variant command support
) (/usr/share/texlive/texmf-dist/tex/latex/pgf/frontendlayer/tikz.sty (/usr/share/texlive/texmf-dist/tex/latex/pgf/basiclayer/pgf.sty (/usr/share/texlive/texmf-dist/tex/latex/pgf/utilities/pgfrcs.sty (/usr/share/texlive/texmf-dist/tex/generic/pgf/utilities/pgfutil-common.tex
\pgfutil@everybye=\toks26
\pgfutil@tempdima=\dimen187
\pgfutil@tempdimb=\dimen188
 (/usr/share/texlive/texmf-dist/tex/generic/pgf/utilities/pgfutil-common-lists.tex)) (/usr/share/texlive/texmf-dist/tex/generic/pgf/utilities/pgfutil-latex.def
\pgfutil@abb=\box51
 (/usr/share/texlive/texmf-dist/tex/latex/ms/everyshi.sty
Package: everyshi 2001/05/15 v3.00 EveryShipout Package (MS)
)) (/usr/share/texlive/texmf-dist/tex/generic/pgf/utilities/pgfrcs.code.tex (/usr/share/texlive/texmf-dist/tex/generic/pgf/pgf.revision.tex)
Package: pgfrcs 2020/01/08 v3.1.5b (3.1.5b)
))
Package: pgf 2020/01/08 v3.1.5b (3.1.5b)
 (/usr/share/texlive/texmf-dist/tex/latex/pgf/basiclayer/pgfcore.sty (/usr/share/texlive/texmf-dist/tex/latex/graphics/graphicx.sty
Package: graphicx 2019/11/30 v1.2a Enhanced LaTeX Graphics (DPC,SPQR)
 (/usr/share/texlive/texmf-dist/tex/latex/graphics/graphics.sty
Package: graphics 2019/11/30 v1.4a Standard LaTeX Graphics (DPC,SPQR)
 (/usr/share/texlive/texmf-dist/tex/latex/graphics/trig.sty
Package: trig 2016/01/03 v1.10 sin cos tan (DPC)
) (/usr/share/texlive/texmf-dist/tex/latex/graphics-cfg/graphics.cfg
File: graphics.cfg 2016/06/04 v1.11 sample graphics configuration
)
Package graphics Info: Driver file: pdftex.def on input line 105.
 (/usr/share/texlive/texmf-dist/tex/latex/graphics-def/pdftex.def
File: pdftex.def 2018/01/08 v1.0l Graphics/color driver for pdftex
))
\Gin@req@height=\dimen189
\Gin@req@width=\dimen190
) (/usr/share/texlive/texmf-dist/tex/latex/pgf/systemlayer/pgfsys.sty (/usr/share/texlive/texmf-dist/tex/generic/pgf/systemlayer/pgfsys.code.tex
Package: pgfsys 2020/01/08 v3.1.5b (3.1.5b)
 (/usr/share/texlive/texmf-dist/tex/generic/pgf/utilities/pgfkeys.code.tex
\pgfkeys@pathtoks=\toks27
\pgfkeys@temptoks=\toks28
 (/usr/share/texlive/texmf-dist/tex/generic/pgf/utilities/pgfkeysfiltered.code.tex
\pgfkeys@tmptoks=\toks29
))
\pgf@x=\dimen191
\pgf@y=\dimen192
\pgf@xa=\dimen193
\pgf@ya=\dimen194
\pgf@xb=\dimen195
\pgf@yb=\dimen196
\pgf@xc=\dimen197
\pgf@yc=\dimen198
\pgf@xd=\dimen199
\pgf@yd=\dimen256
\w@pgf@writea=\write4
\r@pgf@reada=\read4
\c@pgf@counta=\count321
\c@pgf@countb=\count322
\c@pgf@countc=\count323
\c@pgf@countd=\count324
\t@pgf@toka=\toks30
\t@pgf@tokb=\toks31
\t@pgf@tokc=\toks32
\pgf@sys@id@count=\count325
 (/usr/share/texlive/texmf-dist/tex/generic/pgf/systemlayer/pgf.cfg
File: pgf.cfg 2020/01/08 v3.1.5b (3.1.5b)
)
Driver file for pgf: pgfsys-pdftex.def
 (/usr/share/texlive/texmf-dist/tex/generic/pgf/systemlayer/pgfsys-pdftex.def
File: pgfsys-pdftex.def 2020/01/08 v3.1.5b (3.1.5b)
 (/usr/share/texlive/texmf-dist/tex/generic/pgf/systemlayer/pgfsys-common-pdf.def
File: pgfsys-common-pdf.def 2020/01/08 v3.1.5b (3.1.5b)
))) (/usr/share/texlive/texmf-dist/tex/generic/pgf/systemlayer/pgfsyssoftpath.code.tex
File: pgfsyssoftpath.code.tex 2020/01/08 v3.1.5b (3.1.5b)
\pgfsyssoftpath@smallbuffer@items=\count326
\pgfsyssoftpath@bigbuffer@items=\count327
) (/usr/share/texlive/texmf-dist/tex/generic/pgf/systemlayer/pgfsysprotocol.code.tex
File: pgfsysprotocol.code.tex 2020/01/08 v3.1.5b (3.1.5b)
)) (/usr/share/texlive/texmf-dist/tex/latex/xcolor/xcolor.sty
Package: xcolor 2016/05/11 v2.12 LaTeX color extensions (UK)
 (/usr/share/texlive/texmf-dist/tex/latex/graphics-cfg/color.cfg
File: color.cfg 2016/01/02 v1.6 sample color configuration
)
Package xcolor Info: Driver file: pdftex.def on input line 225.
Package xcolor Info: Model `cmy' substituted by `cmy0' on input line 1348.
Package xcolor Info: Model `hsb' substituted by `rgb' on input line 1352.
Package xcolor Info: Model `RGB' extended on input line 1364.
Package xcolor Info: Model `HTML' substituted by `rgb' on input line 1366.
Package xcolor Info: Model `Hsb' substituted by `hsb' on input line 1367.
Package xcolor Info: Model `tHsb' substituted by `hsb' on input line 1368.
Package xcolor Info: Model `HSB' substituted by `hsb' on input line 1369.
Package xcolor Info: Model `Gray' substituted by `gray' on input line 1370.
Package xcolor Info: Model `wave' substituted by `hsb' on input line 1371.
) (/usr/share/texlive/texmf-dist/tex/generic/pgf/basiclayer/pgfcore.code.tex
Package: pgfcore 2020/01/08 v3.1.5b (3.1.5b)
 (/usr/share/texlive/texmf-dist/tex/generic/pgf/math/pgfmath.code.tex (/usr/share/texlive/texmf-dist/tex/generic/pgf/math/pgfmathcalc.code.tex (/usr/share/texlive/texmf-dist/tex/generic/pgf/math/pgfmathutil.code.tex) (/usr/share/texlive/texmf-dist/tex/generic/pgf/math/pgfmathparser.code.tex
\pgfmath@dimen=\dimen257
\pgfmath@count=\count328
\pgfmath@box=\box52
\pgfmath@toks=\toks33
\pgfmath@stack@operand=\toks34
\pgfmath@stack@operation=\toks35
) (/usr/share/texlive/texmf-dist/tex/generic/pgf/math/pgfmathfunctions.code.tex (/usr/share/texlive/texmf-dist/tex/generic/pgf/math/pgfmathfunctions.basic.code.tex) (/usr/share/texlive/texmf-dist/tex/generic/pgf/math/pgfmathfunctions.trigonometric.code.tex) (/usr/share/texlive/texmf-dist/tex/generic/pgf/math/pgfmathfunctions.random.code.tex) (/usr/share/texlive/texmf-dist/tex/generic/pgf/math/pgfmathfunctions.comparison.code.tex) (/usr/share/texlive/texmf-dist/tex/generic/pgf/math/pgfmathfunctions.base.code.tex) (/usr/share/texlive/texmf-dist/tex/generic/pgf/math/pgfmathfunctions.round.code.tex) (/usr/share/texlive/texmf-dist/tex/generic/pgf/math/pgfmathfunctions.misc.code.tex) (/usr/share/texlive/texmf-dist/tex/generic/pgf/math/pgfmathfunctions.integerarithmetics.code.tex))) (/usr/share/texlive/texmf-dist/tex/generic/pgf/math/pgfmathfloat.code.tex
\c@pgfmathroundto@lastzeros=\count329
)) (/usr/share/texlive/texmf-dist/tex/generic/pgf/math/pgfint.code.tex) (/usr/share/texlive/texmf-dist/tex/generic/pgf/basiclayer/pgfcorepoints.code.tex
File: pgfcorepoints.code.tex 2020/01/08 v3.1.5b (3.1.5b)
\pgf@picminx=\dimen258
\pgf@picmaxx=\dimen259
\pgf@picminy=\dimen260
\pgf@picmaxy=\dimen261
\pgf@pathminx=\dimen262
\pgf@pathmaxx=\dimen263
\pgf@pathminy=\dimen264
\pgf@pathmaxy=\dimen265
\pgf@xx=\dimen266
\pgf@xy=\dimen267
\pgf@yx=\dimen268
\pgf@yy=\dimen269
\pgf@zx=\dimen270
\pgf@zy=\dimen271
) (/usr/share/texlive/texmf-dist/tex/generic/pgf/basiclayer/pgfcorepathconstruct.code.tex
File: pgfcorepathconstruct.code.tex 2020/01/08 v3.1.5b (3.1.5b)
\pgf@path@lastx=\dimen272
\pgf@path@lasty=\dimen273
) (/usr/share/texlive/texmf-dist/tex/generic/pgf/basiclayer/pgfcorepathusage.code.tex
File: pgfcorepathusage.code.tex 2020/01/08 v3.1.5b (3.1.5b)
\pgf@shorten@end@additional=\dimen274
\pgf@shorten@start@additional=\dimen275
) (/usr/share/texlive/texmf-dist/tex/generic/pgf/basiclayer/pgfcorescopes.code.tex
File: pgfcorescopes.code.tex 2020/01/08 v3.1.5b (3.1.5b)
\pgfpic=\box53
\pgf@hbox=\box54
\pgf@layerbox@main=\box55
\pgf@picture@serial@count=\count330
) (/usr/share/texlive/texmf-dist/tex/generic/pgf/basiclayer/pgfcoregraphicstate.code.tex
File: pgfcoregraphicstate.code.tex 2020/01/08 v3.1.5b (3.1.5b)
\pgflinewidth=\dimen276
) (/usr/share/texlive/texmf-dist/tex/generic/pgf/basiclayer/pgfcoretransformations.code.tex
File: pgfcoretransformations.code.tex 2020/01/08 v3.1.5b (3.1.5b)
\pgf@pt@x=\dimen277
\pgf@pt@y=\dimen278
\pgf@pt@temp=\dimen279
) (/usr/share/texlive/texmf-dist/tex/generic/pgf/basiclayer/pgfcorequick.code.tex
File: pgfcorequick.code.tex 2020/01/08 v3.1.5b (3.1.5b)
) (/usr/share/texlive/texmf-dist/tex/generic/pgf/basiclayer/pgfcoreobjects.code.tex
File: pgfcoreobjects.code.tex 2020/01/08 v3.1.5b (3.1.5b)
) (/usr/share/texlive/texmf-dist/tex/generic/pgf/basiclayer/pgfcorepathprocessing.code.tex
File: pgfcorepathprocessing.code.tex 2020/01/08 v3.1.5b (3.1.5b)
) (/usr/share/texlive/texmf-dist/tex/generic/pgf/basiclayer/pgfcorearrows.code.tex
File: pgfcorearrows.code.tex 2020/01/08 v3.1.5b (3.1.5b)
\pgfarrowsep=\dimen280
) (/usr/share/texlive/texmf-dist/tex/generic/pgf/basiclayer/pgfcoreshade.code.tex
File: pgfcoreshade.code.tex 2020/01/08 v3.1.5b (3.1.5b)
\pgf@max=\dimen281
\pgf@sys@shading@range@num=\count331
\pgf@shadingcount=\count332
) (/usr/share/texlive/texmf-dist/tex/generic/pgf/basiclayer/pgfcoreimage.code.tex
File: pgfcoreimage.code.tex 2020/01/08 v3.1.5b (3.1.5b)
 (/usr/share/texlive/texmf-dist/tex/generic/pgf/basiclayer/pgfcoreexternal.code.tex
File: pgfcoreexternal.code.tex 2020/01/08 v3.1.5b (3.1.5b)
\pgfexternal@startupbox=\box56
)) (/usr/share/texlive/texmf-dist/tex/generic/pgf/basiclayer/pgfcorelayers.code.tex
File: pgfcorelayers.code.tex 2020/01/08 v3.1.5b (3.1.5b)
) (/usr/share/texlive/texmf-dist/tex/generic/pgf/basiclayer/pgfcoretransparency.code.tex
File: pgfcoretransparency.code.tex 2020/01/08 v3.1.5b (3.1.5b)
) (/usr/share/texlive/texmf-dist/tex/generic/pgf/basiclayer/pgfcorepatterns.code.tex
File: pgfcorepatterns.code.tex 2020/01/08 v3.1.5b (3.1.5b)
) (/usr/share/texlive/texmf-dist/tex/generic/pgf/basiclayer/pgfcorerdf.code.tex
File: pgfcorerdf.code.tex 2020/01/08 v3.1.5b (3.1.5b)
))) (/usr/share/texlive/texmf-dist/tex/generic/pgf/modules/pgfmoduleshapes.code.tex
File: pgfmoduleshapes.code.tex 2020/01/08 v3.1.5b (3.1.5b)
\pgfnodeparttextbox=\box57
) (/usr/share/texlive/texmf-dist/tex/generic/pgf/modules/pgfmoduleplot.code.tex
File: pgfmoduleplot.code.tex 2020/01/08 v3.1.5b (3.1.5b)
) (/usr/share/texlive/texmf-dist/tex/latex/pgf/compatibility/pgfcomp-version-0-65.sty
Package: pgfcomp-version-0-65 2020/01/08 v3.1.5b (3.1.5b)
\pgf@nodesepstart=\dimen282
\pgf@nodesepend=\dimen283
) (/usr/share/texlive/texmf-dist/tex/latex/pgf/compatibility/pgfcomp-version-1-18.sty
Package: pgfcomp-version-1-18 2020/01/08 v3.1.5b (3.1.5b)
)) (/usr/share/texlive/texmf-dist/tex/latex/pgf/utilities/pgffor.sty (/usr/share/texlive/texmf-dist/tex/latex/pgf/utilities/pgfkeys.sty (/usr/share/texlive/texmf-dist/tex/generic/pgf/utilities/pgfkeys.code.tex)) (/usr/share/texlive/texmf-dist/tex/latex/pgf/math/pgfmath.sty (/usr/share/texlive/texmf-dist/tex/generic/pgf/math/pgfmath.code.tex)) (/usr/share/texlive/texmf-dist/tex/generic/pgf/utilities/pgffor.code.tex
Package: pgffor 2020/01/08 v3.1.5b (3.1.5b)
 (/usr/share/texlive/texmf-dist/tex/generic/pgf/math/pgfmath.code.tex)
\pgffor@iter=\dimen284
\pgffor@skip=\dimen285
\pgffor@stack=\toks36
\pgffor@toks=\toks37
)) (/usr/share/texlive/texmf-dist/tex/generic/pgf/frontendlayer/tikz/tikz.code.tex
Package: tikz 2020/01/08 v3.1.5b (3.1.5b)
 (/usr/share/texlive/texmf-dist/tex/generic/pgf/libraries/pgflibraryplothandlers.code.tex
File: pgflibraryplothandlers.code.tex 2020/01/08 v3.1.5b (3.1.5b)
\pgf@plot@mark@count=\count333
\pgfplotmarksize=\dimen286
)
\tikz@lastx=\dimen287
\tikz@lasty=\dimen288
\tikz@lastxsaved=\dimen289
\tikz@lastysaved=\dimen290
\tikz@lastmovetox=\dimen291
\tikz@lastmovetoy=\dimen292
\tikzleveldistance=\dimen293
\tikzsiblingdistance=\dimen294
\tikz@figbox=\box58
\tikz@figbox@bg=\box59
\tikz@tempbox=\box60
\tikz@tempbox@bg=\box61
\tikztreelevel=\count334
\tikznumberofchildren=\count335
\tikznumberofcurrentchild=\count336
\tikz@fig@count=\count337
 (/usr/share/texlive/texmf-dist/tex/generic/pgf/modules/pgfmodulematrix.code.tex
File: pgfmodulematrix.code.tex 2020/01/08 v3.1.5b (3.1.5b)
\pgfmatrixcurrentrow=\count338
\pgfmatrixcurrentcolumn=\count339
\pgf@matrix@numberofcolumns=\count340
)
\tikz@expandcount=\count341
 (/usr/share/texlive/texmf-dist/tex/generic/pgf/frontendlayer/tikz/libraries/tikzlibrarytopaths.code.tex
File: tikzlibrarytopaths.code.tex 2020/01/08 v3.1.5b (3.1.5b)
))) (/usr/share/texlive/texmf-dist/tex/latex/psnfss/helvet.sty
Package: helvet 2020/03/25 PSNFSS-v9.3 (WaS) 
) (/usr/share/texlive/texmf-dist/tex/latex/datatool/datatool.sty
Package: datatool 2019/09/27 v2.32 (NLCT)
 (/usr/share/texlive/texmf-dist/tex/latex/xkeyval/xkeyval.sty
Package: xkeyval 2014/12/03 v2.7a package option processing (HA)
 (/usr/share/texlive/texmf-dist/tex/generic/xkeyval/xkeyval.tex (/usr/share/texlive/texmf-dist/tex/generic/xkeyval/xkvutils.tex
\XKV@toks=\toks38
\XKV@tempa@toks=\toks39
)
\XKV@depth=\count342
File: xkeyval.tex 2014/12/03 v2.7a key=value parser (HA)
)) (/usr/share/texlive/texmf-dist/tex/latex/xfor/xfor.sty
Package: xfor 2009/02/05 v1.05 (NLCT)
) (/usr/share/texlive/texmf-dist/tex/latex/substr/substr.sty
Package: substr 2009/10/20 v1.2 Handle substrings
\c@su@anzahl=\count343
) (/usr/share/texlive/texmf-dist/tex/latex/etoolbox/etoolbox.sty
Package: etoolbox 2020/07/15 v2.5i e-TeX tools for LaTeX (JAW)
\etb@tempcnta=\count344
) (/usr/share/texlive/texmf-dist/tex/latex/datatool/datatool-base.sty
Package: datatool-base 2019/09/27 v2.32 (NLCT)
 (/usr/share/texlive/texmf-dist/tex/latex/amsmath/amsmath.sty
Package: amsmath 2020/01/20 v2.17e AMS math features
\@mathmargin=\skip258

For additional information on amsmath, use the `?' option.
(/usr/share/texlive/texmf-dist/tex/latex/amsmath/amstext.sty
Package: amstext 2000/06/29 v2.01 AMS text
 (/usr/share/texlive/texmf-dist/tex/latex/amsmath/amsgen.sty
File: amsgen.sty 1999/11/30 v2.0 generic functions
\@emptytoks=\toks40
\ex@=\dimen295
)) (/usr/share/texlive/texmf-dist/tex/latex/amsmath/amsbsy.sty
Package: amsbsy 1999/11/29 v1.2d Bold Symbols
\pmbraise@=\dimen296
) (/usr/share/texlive/texmf-dist/tex/latex/amsmath/amsopn.sty
Package: amsopn 2016/03/08 v2.02 operator names
)
\inf@bad=\count345
LaTeX Info: Redefining \frac on input line 227.
\uproot@=\count346
\leftroot@=\count347
LaTeX Info: Redefining \overline on input line 389.
\classnum@=\count348
\DOTSCASE@=\count349
LaTeX Info: Redefining \ldots on input line 486.
LaTeX Info: Redefining \dots on input line 489.
LaTeX Info: Redefining \cdots on input line 610.
\Mathstrutbox@=\box62
\strutbox@=\box63
\big@size=\dimen297
LaTeX Font Info:    Redeclaring font encoding OML on input line 733.
LaTeX Font Info:    Redeclaring font encoding OMS on input line 734.
\macc@depth=\count350
\c@MaxMatrixCols=\count351
\dotsspace@=\muskip17
\c@parentequation=\count352
\dspbrk@lvl=\count353
\tag@help=\toks41
\row@=\count354
\column@=\count355
\maxfields@=\count356
\andhelp@=\toks42
\eqnshift@=\dimen298
\alignsep@=\dimen299
\tagshift@=\dimen300
\tagwidth@=\dimen301
\totwidth@=\dimen302
\lineht@=\dimen303
\@envbody=\toks43
\multlinegap=\skip259
\multlinetaggap=\skip260
\mathdisplay@stack=\toks44
LaTeX Info: Redefining \[ on input line 2859.
LaTeX Info: Redefining \] on input line 2860.
) (/usr/share/texlive/texmf-dist/tex/latex/datatool/datatool-fp.sty
Package: datatool-fp 2019/09/27 v2.32 (NLCT)
 (/usr/share/texlive/texmf-dist/tex/latex/fp/fp.sty
Package: fp 1995/04/02
 `Fixed Point Package', Version 0.8, April 2, 1995 (C) Michael Mehlich (/usr/share/texlive/texmf-dist/tex/latex/fp/defpattern.sty
Package: defpattern 1994/10/12
\actioncount=\count357
) (/usr/share/texlive/texmf-dist/tex/latex/fp/fp-basic.sty
Package: fp-basic 1996/05/13
\FP@xs=\count358
\FP@xia=\count359
\FP@xib=\count360
\FP@xfa=\count361
\FP@xfb=\count362
\FP@rega=\count363
\FP@regb=\count364
\FP@regs=\count365
\FP@times=\count366
) (/usr/share/texlive/texmf-dist/tex/latex/fp/fp-addons.sty
Package: fp-addons 1995/03/15
) (/usr/share/texlive/texmf-dist/tex/latex/fp/fp-snap.sty
Package: fp-snap 1995/04/05
) (/usr/share/texlive/texmf-dist/tex/latex/fp/fp-exp.sty
Package: fp-exp 1995/04/03
) (/usr/share/texlive/texmf-dist/tex/latex/fp/fp-trigo.sty
Package: fp-trigo 1995/04/14
) (/usr/share/texlive/texmf-dist/tex/latex/fp/fp-pas.sty
Package: fp-pas 1994/08/29
) (/usr/share/texlive/texmf-dist/tex/latex/fp/fp-random.sty
Package: fp-random 1995/02/23
\FPseed=\count367
) (/usr/share/texlive/texmf-dist/tex/latex/fp/fp-eqn.sty
Package: fp-eqn 1995/04/03
) (/usr/share/texlive/texmf-dist/tex/latex/fp/fp-upn.sty
Package: fp-upn 1996/10/21
) (/usr/share/texlive/texmf-dist/tex/latex/fp/fp-eval.sty
Package: fp-eval 1995/04/03
)))
\@dtl@toks=\toks45
\@dtl@tmpcount=\count368
\dtl@tmplength=\skip261
\dtl@sortresult=\count369
\@dtl@numgrpsepcount=\count370
\@dtl@datatype=\count371
\dtl@codeA=\count372
\dtl@codeB=\count373
\@dtl@foreach@level=\count374
)
\dtlcolumnnum=\count375
\dtlrownum=\count376
\@dtl@before=\toks46
\@dtl@after=\toks47
\@dtl@colhead=\toks48
\dtlcurrentrow=\toks49
\dtlbeforerow=\toks50
\dtlafterrow=\toks51
\dtlforeachlevel=\count377
\c@DTLrowi=\count378
\c@DTLrowii=\count379
\c@DTLrowiii=\count380
\c@DTLrow=\count381
\dtl@rowi=\count382
\dtl@rowii=\count383
\dtl@rowiii=\count384
\@dtl@curi=\toks52
\@dtl@previ=\toks53
\@dtl@nexti=\toks54
\@dtl@curii=\toks55
\@dtl@previi=\toks56
\@dtl@nextii=\toks57
\@dtl@curiii=\toks58
\@dtl@previii=\toks59
\@dtl@nextiii=\toks60
\@dtl@elements=\count385
\@dtl@list=\toks61
\@dtl@rowa=\toks62
\@dtl@rowb=\toks63
\@dtl@toksA=\toks64
\@dtl@toksB=\toks65
\@dtl@write=\write5
\@dtl@read=\read5
\dtl@entrycr=\count386
\dtl@omitlines=\count387
)
Package hyperref Info: Option `colorlinks' set `true' on input line 507.
\myboxa=\box64
\myboxlena=\skip262
\mybox=\box65
\myboxlen=\skip263
\c@quadro=\count388
\c@quadrosdepth=\count389
\cftbeforequadroskip=\skip264
\cftquadroindent=\skip265
\cftquadronumwidth=\skip266
\myboxq=\box66
\myboxlenq=\skip267
) (/home/pabsantos/Documents/masters_quali/00-pacotes.tex (/usr/share/texlive/texmf-dist/tex/latex/base/fontenc.sty
Package: fontenc 2020/02/11 v2.0o Standard LaTeX package
LaTeX Font Info:    Trying to load font information for T1+phv on input line 112.
 (/usr/share/texlive/texmf-dist/tex/latex/psnfss/t1phv.fd
File: t1phv.fd 2020/03/25 scalable font definitions for T1/phv.
)) (/usr/share/texlive/texmf-dist/tex/latex/base/inputenc.sty
Package: inputenc 2018/08/11 v1.3c Input encoding file
\inpenc@prehook=\toks66
\inpenc@posthook=\toks67
) (/usr/share/texlive/texmf-dist/tex/latex/lastpage/lastpage.sty
Package: lastpage 2015/03/29 v1.2m Refers to last page's name (HMM; JPG)
) (/usr/share/texlive/texmf-dist/tex/latex/tools/indentfirst.sty
Package: indentfirst 1995/11/23 v1.03 Indent first paragraph (DPC)
) (/usr/share/texlive/texmf-dist/tex/latex/microtype/microtype.sty
Package: microtype 2019/11/18 v2.7d Micro-typographical refinements (RS)
\MT@toks=\toks68
\MT@count=\count390
LaTeX Info: Redefining \textls on input line 790.
\MT@outer@kern=\dimen304
LaTeX Info: Redefining \textmicrotypecontext on input line 1354.
\MT@listname@count=\count391
 (/usr/share/texlive/texmf-dist/tex/latex/microtype/microtype-pdftex.def
File: microtype-pdftex.def 2019/11/18 v2.7d Definitions specific to pdftex (RS)
LaTeX Info: Redefining \lsstyle on input line 914.
LaTeX Info: Redefining \lslig on input line 914.
\MT@outer@space=\skip268
)
Package microtype Info: Loading configuration file microtype.cfg.
 (/usr/share/texlive/texmf-dist/tex/latex/microtype/microtype.cfg
File: microtype.cfg 2019/11/18 v2.7d microtype main configuration file (RS)
)) (/usr/share/texlive/texmf-dist/tex/latex/pdfpages/pdfpages.sty
Package: pdfpages 2020/01/28 v0.5q Insert pages of external PDF documents (AM)
 (/usr/share/texlive/texmf-dist/tex/latex/eso-pic/eso-pic.sty
Package: eso-pic 2018/04/12 v2.0h eso-pic (RN)
)
\AM@pagewidth=\dimen305
\AM@pageheight=\dimen306
 (/usr/share/texlive/texmf-dist/tex/latex/pdfpages/pppdftex.def
File: pppdftex.def 2020/01/28 v0.5q Pdfpages driver for pdfTeX (AM)
)
\AM@pagebox=\box67
\AM@global@opts=\toks69
\AM@pagecnt=\count392
\AM@toc@title=\toks70
\c@AM@survey=\count393
\AM@templatesizebox=\box68
) (/usr/share/texlive/texmf-dist/tex/latex/lipsum/lipsum.sty (/usr/share/texlive/texmf-dist/tex/latex/l3kernel/expl3.sty
Package: expl3 2020-07-17 L3 programming layer (loader) 
 (/usr/share/texlive/texmf-dist/tex/latex/l3backend/l3backend-pdfmode.def
File: l3backend-pdfmode.def 2020-06-29 L3 backend support: PDF mode
\l__kernel_color_stack_int=\count394
\l__pdf_internal_box=\box69
)) (/usr/share/texlive/texmf-dist/tex/latex/l3packages/xparse/xparse.sty
Package: xparse 2020-05-15 L3 Experimental document command parser
 (/usr/share/texlive/texmf-dist/tex/latex/l3packages/xparse/xparse-generic.tex
\l__xparse_current_arg_int=\count395
\g__xparse_grabber_int=\count396
\l__xparse_m_args_int=\count397
\l__xparse_v_nesting_int=\count398
))
Package: lipsum 2019/01/02 v2.2 150 paragraphs of Lorem Ipsum dummy text
 (/usr/share/texlive/texmf-dist/tex/latex/lipsum/lipsum.ltd.tex
File: lipsum.ltd.tex 2019/01/02 v2.2 The Lorem ipsum dummy text
)) (/usr/share/texlive/texmf-dist/tex/latex/csquotes/csquotes.sty
Package: csquotes 2019-12-06 v5.2j context-sensitive quotations (JAW)
\csq@reset=\count399
\csq@gtype=\count400
\csq@glevel=\count401
\csq@qlevel=\count402
\csq@maxlvl=\count403
\csq@tshold=\count404
\csq@ltx@everypar=\toks71
 (/usr/share/texlive/texmf-dist/tex/latex/csquotes/csquotes.def
File: csquotes.def 2019-12-06 v5.2j csquotes generic definitions (JAW)
)
Package csquotes Info: Trying to load configuration file 'csquotes.cfg'...
Package csquotes Info: ... configuration file loaded successfully.
 (/usr/share/texlive/texmf-dist/tex/latex/csquotes/csquotes.cfg
File: csquotes.cfg 
)) (/usr/share/texlive/texmf-dist/tex/latex/listings/listings.sty
\lst@mode=\count405
\lst@gtempboxa=\box70
\lst@token=\toks72
\lst@length=\count406
\lst@currlwidth=\dimen307
\lst@column=\count407
\lst@pos=\count408
\lst@lostspace=\dimen308
\lst@width=\dimen309
\lst@newlines=\count409
\lst@lineno=\count410
\lst@maxwidth=\dimen310
 (/usr/share/texlive/texmf-dist/tex/latex/listings/lstmisc.sty
File: lstmisc.sty 2020/03/24 1.8d (Carsten Heinz)
\c@lstnumber=\count411
\lst@skipnumbers=\count412
\lst@framebox=\box71
) (/usr/share/texlive/texmf-dist/tex/latex/listings/listings.cfg
File: listings.cfg 2020/03/24 1.8d listings configuration
))
Package: listings 2020/03/24 1.8d (Carsten Heinz)
 (/usr/share/texlive/texmf-dist/tex/latex/cancel/cancel.sty
Package: cancel 2013/04/12 v2.2 Cancel math terms
) (/usr/share/texlive/texmf-dist/tex/latex/smartdiagram/smartdiagram.sty
Package: smartdiagram 2016/12/23 v0.3b Automatic creation of smart diagrams from lists of items.
 (/usr/share/texlive/texmf-dist/tex/generic/xstring/xstring.sty (/usr/share/texlive/texmf-dist/tex/generic/xstring/xstring.tex
\integerpart=\count413
\decimalpart=\count414
)
Package: xstring 2019/02/06 v1.83 String manipulations (CT)
) (/usr/share/texlive/texmf-dist/tex/generic/pgf/frontendlayer/tikz/libraries/tikzlibrarybackgrounds.code.tex
File: tikzlibrarybackgrounds.code.tex 2020/01/08 v3.1.5b (3.1.5b)
\pgf@layerbox@background=\box72
\pgf@layerboxsaved@background=\box73
) (/usr/share/texlive/texmf-dist/tex/generic/pgf/frontendlayer/tikz/libraries/tikzlibrarycalc.code.tex
File: tikzlibrarycalc.code.tex 2020/01/08 v3.1.5b (3.1.5b)
) (/usr/share/texlive/texmf-dist/tex/generic/pgf/frontendlayer/tikz/libraries/tikzlibraryfadings.code.tex
File: tikzlibraryfadings.code.tex 2020/01/08 v3.1.5b (3.1.5b)
 (/usr/share/texlive/texmf-dist/tex/generic/pgf/libraries/pgflibraryfadings.code.tex
File: pgflibraryfadings.code.tex 2020/01/08 v3.1.5b (3.1.5b)
)) (/usr/share/texlive/texmf-dist/tex/generic/pgf/frontendlayer/tikz/libraries/tikzlibraryshadows.code.tex
File: tikzlibraryshadows.code.tex 2020/01/08 v3.1.5b (3.1.5b)
) (/usr/share/texlive/texmf-dist/tex/generic/pgf/frontendlayer/tikz/libraries/tikzlibraryshapes.arrows.code.tex
File: tikzlibraryshapes.arrows.code.tex 2020/01/08 v3.1.5b (3.1.5b)
 (/usr/share/texlive/texmf-dist/tex/generic/pgf/libraries/shapes/pgflibraryshapes.arrows.code.tex
File: pgflibraryshapes.arrows.code.tex 2020/01/08 v3.1.5b (3.1.5b)
)) (/usr/share/texlive/texmf-dist/tex/generic/pgf/frontendlayer/tikz/libraries/tikzlibraryshapes.symbols.code.tex
File: tikzlibraryshapes.symbols.code.tex 2020/01/08 v3.1.5b (3.1.5b)
 (/usr/share/texlive/texmf-dist/tex/generic/pgf/libraries/shapes/pgflibraryshapes.symbols.code.tex
File: pgflibraryshapes.symbols.code.tex 2020/01/08 v3.1.5b (3.1.5b)
))
\pgf@layerbox@smart diagram arrow back=\box74
\pgf@layerboxsaved@smart diagram arrow back=\box75
 (/usr/share/texlive/texmf-dist/tex/latex/smartdiagram/smartdiagramlibrarycore.definitions.code.tex) (/usr/share/texlive/texmf-dist/tex/latex/smartdiagram/smartdiagramlibrarycore.styles.code.tex) (/usr/share/texlive/texmf-dist/tex/latex/smartdiagram/smartdiagramlibrarycore.commands.code.tex)) (/usr/share/texlive/texmf-dist/tex/latex/float/float.sty
Package: float 2001/11/08 v1.3d Float enhancements (AL)
\c@float@type=\count415
\float@exts=\toks73
\float@box=\box76
\@float@everytoks=\toks74
\@floatcapt=\box77
) (/usr/share/texlive/texmf-dist/tex/latex/base/textcomp.sty
Package: textcomp 2020/02/02 v2.0n Standard LaTeX package
) (/usr/share/texlive/texmf-dist/tex/latex/tools/longtable.sty
Package: longtable 2020/01/07 v4.13 Multi-page Table package (DPC)
\LTleft=\skip269
\LTright=\skip270
\LTpre=\skip271
\LTpost=\skip272
\LTchunksize=\count416
\LTcapwidth=\dimen311
\LT@head=\box78
\LT@firsthead=\box79
\LT@foot=\box80
\LT@lastfoot=\box81
\LT@cols=\count417
\LT@rows=\count418
\c@LT@tables=\count419
\c@LT@chunks=\count420
\LT@p@ftn=\toks75
) (/usr/share/texlive/texmf-dist/tex/latex/graphics/lscape.sty
Package: lscape 2000/10/22 v3.01 Landscape Pages (DPC)
) (/usr/share/texlive/texmf-dist/tex/latex/tools/multicol.sty
Package: multicol 2019/12/09 v1.8y multicolumn formatting (FMi)
\c@tracingmulticols=\count421
\mult@box=\box82
\multicol@leftmargin=\dimen312
\c@unbalance=\count422
\c@collectmore=\count423
\doublecol@number=\count424
\multicoltolerance=\count425
\multicolpretolerance=\count426
\full@width=\dimen313
\page@free=\dimen314
\premulticols=\dimen315
\postmulticols=\dimen316
\multicolsep=\skip273
\multicolbaselineskip=\skip274
\partial@page=\box83
\last@line=\box84
\maxbalancingoverflow=\dimen317
\mult@rightbox=\box85
\mult@grightbox=\box86
\mult@gfirstbox=\box87
\mult@firstbox=\box88
\@tempa=\box89
\@tempa=\box90
\@tempa=\box91
\@tempa=\box92
\@tempa=\box93
\@tempa=\box94
\@tempa=\box95
\@tempa=\box96
\@tempa=\box97
\@tempa=\box98
\@tempa=\box99
\@tempa=\box100
\@tempa=\box101
\@tempa=\box102
\@tempa=\box103
\@tempa=\box104
\@tempa=\box105
\@tempa=\box106
\@tempa=\box107
\@tempa=\box108
\@tempa=\box109
\@tempa=\box110
\@tempa=\box111
\@tempa=\box112
\@tempa=\box113
\@tempa=\box114
\@tempa=\box115
\@tempa=\box116
\@tempa=\box117
\@tempa=\box118
\@tempa=\box119
\@tempa=\box120
\@tempa=\box121
\@tempa=\box122
\@tempa=\box123
\@tempa=\box124
\@tempa=\box125
\c@minrows=\count427
\c@columnbadness=\count428
\c@finalcolumnbadness=\count429
\last@try=\dimen318
\multicolovershoot=\dimen319
\multicolundershoot=\dimen320
\mult@nat@firstbox=\box126
\colbreak@box=\box127
\mc@col@check@num=\count430
) (/usr/share/texlive/texmf-dist/tex/latex/multirow/multirow.sty
Package: multirow 2019/05/31 v2.5 Span multiple rows of a table
\multirow@colwidth=\skip275
\multirow@cntb=\count431
\multirow@dima=\skip276
\bigstrutjot=\dimen321
) (/usr/share/texlive/texmf-dist/tex/latex/newfloat/newfloat.sty
Package: newfloat 2019/09/02 v1.1l Defining new floating environments (AR)
)

Class memoir Warning: For the caption package to function properly with memoir, we will now reset\caption and friends to kernel defaults and then let the caption package take over. Remember: all caption configuration now goves via the caption package interface, not the interface from the memoir class. .

(/usr/share/texlive/texmf-dist/tex/latex/caption/caption.sty
Package: caption 2020/05/30 v3.4k Customizing captions (AR)
 (/usr/share/texlive/texmf-dist/tex/latex/caption/caption3.sty
Package: caption3 2020/07/20 v1.12b caption3 kernel (AR)
Package caption3 Info: TeX engine: e-TeX on input line 61.
\captionmargin=\dimen322
\captionmargin@=\dimen323
\captionwidth=\dimen324
\caption@tempdima=\dimen325
\caption@indent=\dimen326
\caption@parindent=\dimen327
\caption@hangindent=\dimen328
Package caption Info: memoir document class detected.
)
\c@caption@flags=\count432
\c@continuedfloat=\count433
Package caption Info: changepage package is loaded.
\caption@adjustwidth@hsize=\dimen329
\caption@adjustwidth@linewidth=\dimen330
Package caption Info: float package is loaded.
Package caption Info: hyperref package is loaded.
Package caption Info: listings package is loaded.
Package caption Info: longtable package is loaded.
 (/usr/share/texlive/texmf-dist/tex/latex/caption/ltcaption.sty
Package: ltcaption 2020/05/30 v1.4b longtable captions (AR)
)) (/usr/share/texlive/texmf-dist/tex/latex/caption/subcaption.sty
Package: subcaption 2020/01/22 v1.3d Sub-captions (AR)
\c@subfigure=\count434
\c@subtable=\count435
) (/usr/share/texlive/texmf-dist/tex/latex/biblatex/biblatex.sty
Package: biblatex 2019/12/01 v3.14 programmable bibliographies (PK/MW)
 (/usr/share/texlive/texmf-dist/tex/latex/logreq/logreq.sty
Package: logreq 2010/08/04 v1.0 xml request logger
\lrq@indent=\count436
 (/usr/share/texlive/texmf-dist/tex/latex/logreq/logreq.def
File: logreq.def 2010/08/04 v1.0 logreq spec v1.0
))
\c@tabx@nest=\count437
\c@listtotal=\count438
\c@listcount=\count439
\c@liststart=\count440
\c@liststop=\count441
\c@citecount=\count442
\c@citetotal=\count443
\c@multicitecount=\count444
\c@multicitetotal=\count445
\c@instcount=\count446
\c@maxnames=\count447
\c@minnames=\count448
\c@maxitems=\count449
\c@minitems=\count450
\c@citecounter=\count451
\c@maxcitecounter=\count452
\c@savedcitecounter=\count453
\c@uniquelist=\count454
\c@uniquename=\count455
\c@refsection=\count456
\c@refsegment=\count457
\c@maxextratitle=\count458
\c@maxextratitleyear=\count459
\c@maxextraname=\count460
\c@maxextradate=\count461
\c@maxextraalpha=\count462
\c@abbrvpenalty=\count463
\c@highnamepenalty=\count464
\c@lownamepenalty=\count465
\c@maxparens=\count466
\c@parenlevel=\count467
\blx@tempcnta=\count468
\blx@tempcntb=\count469
\blx@tempcntc=\count470
\blx@maxsection=\count471
\blx@maxsegment@0=\count472
\blx@notetype=\count473
\blx@parenlevel@text=\count474
\blx@parenlevel@foot=\count475
\blx@sectionciteorder@0=\count476
\blx@entrysetcounter=\count477
\labelnumberwidth=\skip277
\labelalphawidth=\skip278
\biblabelsep=\skip279
\bibnamesep=\skip280
\bibinitsep=\skip281
\bibparsep=\skip282
\bibhang=\skip283
\blx@bcfin=\read6
\blx@bcfout=\write6
\blx@langwohyphens=\language87
\c@mincomprange=\count478
\c@maxcomprange=\count479
\c@mincompwidth=\count480
Package biblatex Info: Trying to load biblatex default data model...
Package biblatex Info: ... file 'blx-dm.def' found.
 (/usr/share/texlive/texmf-dist/tex/latex/biblatex/blx-dm.def
File: blx-dm.def 2019/12/01 v3.14 biblatex localization (PK/MW)
)
Package biblatex Info: Trying to load biblatex style data model...
Package biblatex Info: ... file 'abnt.dbx' not found.
Package biblatex Info: Trying to load biblatex custom data model...
Package biblatex Info: ... file 'biblatex-dm.cfg' not found.
\c@afterword=\count481
\c@savedafterword=\count482
\c@annotator=\count483
\c@savedannotator=\count484
\c@author=\count485
\c@savedauthor=\count486
\c@bookauthor=\count487
\c@savedbookauthor=\count488
\c@commentator=\count489
\c@savedcommentator=\count490
\c@editor=\count491
\c@savededitor=\count492
\c@editora=\count493
\c@savededitora=\count494
\c@editorb=\count495
\c@savededitorb=\count496
\c@editorc=\count497
\c@savededitorc=\count498
\c@foreword=\count499
\c@savedforeword=\count500
\c@holder=\count501
\c@savedholder=\count502
\c@introduction=\count503
\c@savedintroduction=\count504
\c@namea=\count505
\c@savednamea=\count506
\c@nameb=\count507
\c@savednameb=\count508
\c@namec=\count509
\c@savednamec=\count510
\c@translator=\count511
\c@savedtranslator=\count512
\c@shortauthor=\count513
\c@savedshortauthor=\count514
\c@shorteditor=\count515
\c@savedshorteditor=\count516
\c@labelname=\count517
\c@savedlabelname=\count518
\c@institution=\count519
\c@savedinstitution=\count520
\c@lista=\count521
\c@savedlista=\count522
\c@listb=\count523
\c@savedlistb=\count524
\c@listc=\count525
\c@savedlistc=\count526
\c@listd=\count527
\c@savedlistd=\count528
\c@liste=\count529
\c@savedliste=\count530
\c@listf=\count531
\c@savedlistf=\count532
\c@location=\count533
\c@savedlocation=\count534
\c@organization=\count535
\c@savedorganization=\count536
\c@origlocation=\count537
\c@savedoriglocation=\count538
\c@origpublisher=\count539
\c@savedorigpublisher=\count540
\c@publisher=\count541
\c@savedpublisher=\count542
\c@language=\count543
\c@savedlanguage=\count544
\c@origlanguage=\count545
\c@savedoriglanguage=\count546
\c@pageref=\count547
\c@savedpageref=\count548
\shorthandwidth=\skip284
\shortjournalwidth=\skip285
\shortserieswidth=\skip286
\shorttitlewidth=\skip287
\shortauthorwidth=\skip288
\shorteditorwidth=\skip289
\locallabelnumberwidth=\skip290
\locallabelalphawidth=\skip291
\localshorthandwidth=\skip292
\localshortjournalwidth=\skip293
\localshortserieswidth=\skip294
\localshorttitlewidth=\skip295
\localshortauthorwidth=\skip296
\localshorteditorwidth=\skip297
Package biblatex Info: Trying to load compatibility code...
Package biblatex Info: ... file 'blx-compat.def' found.
 (/usr/share/texlive/texmf-dist/tex/latex/biblatex/blx-compat.def
File: blx-compat.def 2019/12/01 v3.14 biblatex compatibility (PK/MW)
)
Package biblatex Info: Trying to load generic definitions...
Package biblatex Info: ... file 'biblatex.def' found.
 (/usr/share/texlive/texmf-dist/tex/latex/biblatex/biblatex.def
File: biblatex.def 2019/12/01 v3.14 biblatex compatibility (PK/MW)
\c@textcitecount=\count549
\c@textcitetotal=\count550
\c@textcitemaxnames=\count551
\c@biburlbigbreakpenalty=\count552
\c@biburlbreakpenalty=\count553
\c@biburlnumpenalty=\count554
\c@biburlucpenalty=\count555
\c@biburllcpenalty=\count556
\biburlbigskip=\muskip18
\biburlnumskip=\muskip19
\biburlucskip=\muskip20
\biburllcskip=\muskip21
\c@smartand=\count557
)
Package biblatex Info: Trying to load bibliography style 'abnt'...
Package biblatex Info: ... file 'abnt.bbx' found.
 (/usr/share/texlive/texmf-dist/tex/latex/biblatex-abnt/abnt.bbx
File: abnt.bbx 2018-11-17 v3.4 ABNT BibLaTeX citation style
 (/usr/share/texlive/texmf-dist/tex/latex/xpatch/xpatch.sty
Package: xpatch 2020/03/25 v0.3a Extending etoolbox patching commands
)
Package biblatex Info: Trying to load bibliography style 'standard'...
Package biblatex Info: ... file 'standard.bbx' found.
 (/usr/share/texlive/texmf-dist/tex/latex/biblatex/bbx/standard.bbx
File: standard.bbx 2019/12/01 v3.14 biblatex bibliography style (PK/MW)
\c@bbx:relatedcount=\count558
\c@bbx:relatedtotal=\count559
))
Package biblatex Info: Trying to load citation style 'abnt'...
Package biblatex Info: ... file 'abnt.cbx' found.
 (/usr/share/texlive/texmf-dist/tex/latex/biblatex-abnt/abnt.cbx
File: abnt.cbx 2018-11-17 v3.4 ABNT BibLaTeX citation style
Package biblatex Info: Trying to load citation style 'authoryear-comp'...
Package biblatex Info: ... file 'authoryear-comp.cbx' found.
 (/usr/share/texlive/texmf-dist/tex/latex/biblatex/cbx/authoryear-comp.cbx
File: authoryear-comp.cbx 2019/12/01 v3.14 biblatex citation style (PK/MW)
Package biblatex Info: Redefining '\cite'.
Package biblatex Info: Redefining '\parencite'.
Package biblatex Info: Redefining '\footcite'.
Package biblatex Info: Redefining '\footcitetext'.
Package biblatex Info: Redefining '\smartcite'.
Package biblatex Info: Redefining '\textcite'.
Package biblatex Info: Redefining '\textcites'.
Package biblatex Info: Redefining '\cites'.
Package biblatex Info: Redefining '\parencites'.
Package biblatex Info: Redefining '\footcites'.
Package biblatex Info: Redefining '\footcitetexts'.
Package biblatex Info: Redefining '\smartcites'.
)
Package biblatex Info: Redefining '\cite'.
Package biblatex Info: Redefining '\cites'.
Package biblatex Info: Redefining '\footcite'.
Package biblatex Info: Redefining '\footcites'.
Package biblatex Info: Redefining '\citetitle'.
Package biblatex Info: Redefining '\smartcite'.
Package biblatex Info: Redefining '\citeauthor'.
Package biblatex Info: Redefining '\citeyear'.
)
Package biblatex Info: Trying to load configuration file...
Package biblatex Info: ... file 'biblatex.cfg' found.
 (/usr/share/texlive/texmf-dist/tex/latex/biblatex/biblatex.cfg
File: biblatex.cfg 
)) (/usr/share/texlive/texmf-dist/tex/generic/pgf/frontendlayer/tikz/libraries/tikzlibraryarrows.code.tex
File: tikzlibraryarrows.code.tex 2020/01/08 v3.1.5b (3.1.5b)
 (/usr/share/texlive/texmf-dist/tex/generic/pgf/libraries/pgflibraryarrows.code.tex
File: pgflibraryarrows.code.tex 2020/01/08 v3.1.5b (3.1.5b)
\arrowsize=\dimen331
)) (/usr/share/texlive/texmf-dist/tex/generic/pgf/frontendlayer/tikz/libraries/tikzlibrarypatterns.code.tex
File: tikzlibrarypatterns.code.tex 2020/01/08 v3.1.5b (3.1.5b)
 (/usr/share/texlive/texmf-dist/tex/generic/pgf/libraries/pgflibrarypatterns.code.tex
File: pgflibrarypatterns.code.tex 2020/01/08 v3.1.5b (3.1.5b)
)) (/usr/share/texlive/texmf-dist/tex/generic/pgf/frontendlayer/tikz/libraries/tikzlibraryangles.code.tex
File: tikzlibraryangles.code.tex 2020/01/08 v3.1.5b (3.1.5b)
) (/usr/share/texlive/texmf-dist/tex/generic/pgf/frontendlayer/tikz/libraries/tikzlibraryquotes.code.tex
File: tikzlibraryquotes.code.tex 2020/01/08 v3.1.5b (3.1.5b)
) (/usr/share/texlive/texmf-dist/tex/latex/pgfplots/pgfplots.sty (/usr/share/texlive/texmf-dist/tex/generic/pgfplots/pgfplots.revision.tex)
Package: pgfplots 2020/02/29 v1.17 Data Visualization (1.17)
 (/usr/share/texlive/texmf-dist/tex/generic/pgfplots/pgfplots.code.tex (/usr/share/texlive/texmf-dist/tex/generic/pgfplots/pgfplotscore.code.tex
\t@pgfplots@toka=\toks76
\t@pgfplots@tokb=\toks77
\t@pgfplots@tokc=\toks78
\pgfplots@tmpa=\dimen332
\c@pgfplots@coordindex=\count560
\c@pgfplots@scanlineindex=\count561
 (/usr/share/texlive/texmf-dist/tex/generic/pgfplots/sys/pgfplotssysgeneric.code.tex)) (/usr/share/texlive/texmf-dist/tex/generic/pgfplots/libs/pgfplotslibrary.code.tex) (/usr/share/texlive/texmf-dist/tex/generic/pgfplots/oldpgfcompatib/pgfplotsoldpgfsupp_loader.code.tex (/usr/share/texlive/texmf-dist/tex/generic/pgf/libraries/pgflibraryfpu.code.tex)) (/usr/share/texlive/texmf-dist/tex/generic/pgfplots/util/pgfplotsutil.code.tex (/usr/share/texlive/texmf-dist/tex/generic/pgfplots/liststructure/pgfplotsliststructure.code.tex) (/usr/share/texlive/texmf-dist/tex/generic/pgfplots/liststructure/pgfplotsliststructureext.code.tex) (/usr/share/texlive/texmf-dist/tex/generic/pgfplots/liststructure/pgfplotsarray.code.tex
\c@pgfplotsarray@tmp=\count562
) (/usr/share/texlive/texmf-dist/tex/generic/pgfplots/liststructure/pgfplotsmatrix.code.tex) (/usr/share/texlive/texmf-dist/tex/generic/pgfplots/numtable/pgfplotstableshared.code.tex
\c@pgfplotstable@counta=\count563
\t@pgfplotstable@a=\toks79
) (/usr/share/texlive/texmf-dist/tex/generic/pgfplots/liststructure/pgfplotsdeque.code.tex) (/usr/share/texlive/texmf-dist/tex/generic/pgfplots/util/pgfplotsbinary.code.tex (/usr/share/texlive/texmf-dist/tex/generic/pgfplots/util/pgfplotsbinary.data.code.tex)) (/usr/share/texlive/texmf-dist/tex/generic/pgfplots/util/pgfplotsutil.verb.code.tex) (/usr/share/texlive/texmf-dist/tex/generic/pgfplots/libs/pgflibrarypgfplots.surfshading.code.tex
\c@pgfplotslibrarysurf@no=\count564
 (/usr/share/texlive/texmf-dist/tex/generic/pgfplots/sys/pgflibrarypgfplots.surfshading.pgfsys-pdftex.def))) (/usr/share/texlive/texmf-dist/tex/generic/pgfplots/util/pgfplotscolormap.code.tex (/usr/share/texlive/texmf-dist/tex/generic/pgfplots/util/pgfplotscolor.code.tex)) (/usr/share/texlive/texmf-dist/tex/generic/pgfplots/pgfplotsstackedplots.code.tex) (/usr/share/texlive/texmf-dist/tex/generic/pgfplots/pgfplotsplothandlers.code.tex (/usr/share/texlive/texmf-dist/tex/generic/pgfplots/pgfplotsmeshplothandler.code.tex (/usr/share/texlive/texmf-dist/tex/generic/pgfplots/pgfplotsmeshplotimage.code.tex))) (/usr/share/texlive/texmf-dist/tex/generic/pgfplots/pgfplots.scaling.code.tex) (/usr/share/texlive/texmf-dist/tex/generic/pgfplots/pgfplotscoordprocessing.code.tex) (/usr/share/texlive/texmf-dist/tex/generic/pgfplots/pgfplots.errorbars.code.tex) (/usr/share/texlive/texmf-dist/tex/generic/pgfplots/pgfplots.markers.code.tex) (/usr/share/texlive/texmf-dist/tex/generic/pgfplots/pgfplotsticks.code.tex) (/usr/share/texlive/texmf-dist/tex/generic/pgfplots/pgfplots.paths.code.tex) (/usr/share/texlive/texmf-dist/tex/generic/pgf/frontendlayer/tikz/libraries/tikzlibrarydecorations.code.tex (/usr/share/texlive/texmf-dist/tex/generic/pgf/modules/pgfmoduledecorations.code.tex
\pgfdecoratedcompleteddistance=\dimen333
\pgfdecoratedremainingdistance=\dimen334
\pgfdecoratedinputsegmentcompleteddistance=\dimen335
\pgfdecoratedinputsegmentremainingdistance=\dimen336
\pgf@decorate@distancetomove=\dimen337
\pgf@decorate@repeatstate=\count565
\pgfdecorationsegmentamplitude=\dimen338
\pgfdecorationsegmentlength=\dimen339
)
\tikz@lib@dec@box=\box128
) (/usr/share/texlive/texmf-dist/tex/generic/pgf/frontendlayer/tikz/libraries/tikzlibrarydecorations.pathmorphing.code.tex (/usr/share/texlive/texmf-dist/tex/generic/pgf/libraries/decorations/pgflibrarydecorations.pathmorphing.code.tex)) (/usr/share/texlive/texmf-dist/tex/generic/pgf/frontendlayer/tikz/libraries/tikzlibrarydecorations.pathreplacing.code.tex (/usr/share/texlive/texmf-dist/tex/generic/pgf/libraries/decorations/pgflibrarydecorations.pathreplacing.code.tex))
\pgfplots@numplots=\count566
\pgfplots@xmin@reg=\dimen340
\pgfplots@xmax@reg=\dimen341
\pgfplots@ymin@reg=\dimen342
\pgfplots@ymax@reg=\dimen343
\pgfplots@zmin@reg=\dimen344
\pgfplots@zmax@reg=\dimen345
) (/usr/share/texlive/texmf-dist/tex/generic/pgf/frontendlayer/tikz/libraries/tikzlibraryplotmarks.code.tex
File: tikzlibraryplotmarks.code.tex 2020/01/08 v3.1.5b (3.1.5b)
 (/usr/share/texlive/texmf-dist/tex/generic/pgf/libraries/pgflibraryplotmarks.code.tex
File: pgflibraryplotmarks.code.tex 2020/01/08 v3.1.5b (3.1.5b)
)))) (/home/pabsantos/Documents/masters_quali/00-dados.tex)
\main@idxfile=\write7
\openout7 = `main.idx'.


Writing index file main.idx 
Package csquotes Info: Checking for multilingual support...
Package csquotes Info: ... found 'babel' package.
Package csquotes Info: Adjusting default style.
Package csquotes Info: Redefining alias 'default' -> 'brazil'.

LaTeX Warning: Unused global option(s):
    [subsection=Title].

(/home/pabsantos/Documents/masters_quali/main.aux)
\openout1 = `main.aux'.

LaTeX Font Info:    Checking defaults for OML/cmm/m/it on input line 82.
LaTeX Font Info:    ... okay on input line 82.
LaTeX Font Info:    Checking defaults for OMS/cmsy/m/n on input line 82.
LaTeX Font Info:    ... okay on input line 82.
LaTeX Font Info:    Checking defaults for OT1/cmr/m/n on input line 82.
LaTeX Font Info:    ... okay on input line 82.
LaTeX Font Info:    Checking defaults for T1/cmr/m/n on input line 82.
LaTeX Font Info:    ... okay on input line 82.
LaTeX Font Info:    Checking defaults for TS1/cmr/m/n on input line 82.
LaTeX Font Info:    ... okay on input line 82.
LaTeX Font Info:    Checking defaults for OMX/cmex/m/n on input line 82.
LaTeX Font Info:    ... okay on input line 82.
LaTeX Font Info:    Checking defaults for U/cmr/m/n on input line 82.
LaTeX Font Info:    ... okay on input line 82.
LaTeX Font Info:    Checking defaults for PD1/pdf/m/n on input line 82.
LaTeX Font Info:    ... okay on input line 82.
\AtBeginShipoutBox=\box129
Package hyperref Info: Link coloring ON on input line 82.
 (/usr/share/texlive/texmf-dist/tex/latex/hyperref/nameref.sty
Package: nameref 2019/09/16 v2.46 Cross-referencing by name of section
 (/usr/share/texlive/texmf-dist/tex/latex/refcount/refcount.sty
Package: refcount 2019/12/15 v3.6 Data extraction from label references (HO)
) (/usr/share/texlive/texmf-dist/tex/generic/gettitlestring/gettitlestring.sty
Package: gettitlestring 2019/12/15 v1.6 Cleanup title references (HO)
)
\c@section@level=\count567
)
Redoing nameref's sectioning
Redoing nameref's label
LaTeX Info: Redefining \nameref on input line 82.
LaTeX Info: Redefining \ref on input line 82.
LaTeX Info: Redefining \pageref on input line 82.
LaTeX Info: Redefining \nameref on input line 82.
\myptabbox=\box130
\myptabboxwidth=\skip298
ABD: EveryShipout initializing macros (/usr/share/texlive/texmf-dist/tex/context/base/mkii/supp-pdf.mkii
[Loading MPS to PDF converter (version 2006.09.02).]
\scratchcounter=\count568
\scratchdimen=\dimen346
\scratchbox=\box131
\nofMPsegments=\count569
\nofMParguments=\count570
\everyMPshowfont=\toks80
\MPscratchCnt=\count571
\MPscratchDim=\dimen347
\MPnumerator=\count572
\makeMPintoPDFobject=\count573
\everyMPtoPDFconversion=\toks81
) (/usr/share/texlive/texmf-dist/tex/latex/epstopdf-pkg/epstopdf-base.sty
Package: epstopdf-base 2020-01-24 v2.11 Base part for package epstopdf
Package epstopdf-base Info: Redefining graphics rule for `.eps' on input line 485.
 (/usr/share/texlive/texmf-dist/tex/latex/latexconfig/epstopdf-sys.cfg
File: epstopdf-sys.cfg 2010/07/13 v1.3 Configuration of (r)epstopdf for TeX Live
))
Package lastpage Info: Please have a look at the pageslts package at
(lastpage)             https://www.ctan.org/pkg/pageslts
(lastpage)             ! on input line 82.
LaTeX Info: Redefining \microtypecontext on input line 82.
Package microtype Info: Generating PDF output.
Package microtype Info: Character protrusion enabled (level 2).
Package microtype Info: Using default protrusion set `alltext'.
Package microtype Info: Automatic font expansion enabled (level 2),
(microtype)             stretch: 20, shrink: 20, step: 1, non-selected.
Package microtype Info: Using default expansion set `basictext'.
LaTeX Info: Redefining \showhyphens on input line 82.
Package microtype Info: No adjustment of tracking.
Package microtype Info: No adjustment of interword spacing.
Package microtype Info: No adjustment of character kerning.
Package microtype Info: Loading generic protrusion settings for font family
(microtype)             `phv' (encoding: T1).
(microtype)             For optimal results, create family-specific settings.
(microtype)             See the microtype manual for details.
 (/usr/share/texlive/texmf-dist/tex/latex/pdflscape/pdflscape.sty
Package: pdflscape 2019/12/05 v0.12 Display of landscape pages in PDF (HO)
Package pdflscape Info: Auto-detected driver: pdftex on input line 81.
)
\c@lstlisting=\count574
Package newfloat Info: `float' package detected.
Package caption Info: Begin \AtBeginDocument code.
Package caption Info: End \AtBeginDocument code.
Package biblatex Info: Trying to load language 'brazil' -> 'brazil-abnt'...
Package biblatex Info: ... file 'brazil-abnt.lbx' found.
 (/usr/share/texlive/texmf-dist/tex/latex/biblatex-abnt/brazil-abnt.lbx
File: brazil-abnt.lbx 2018-11-17 v3.4 ABNT BibLaTeX citation style


Package biblatex Warning: File 'brazilian-abnt-abnt.lbx' not found!
(biblatex)                Ignoring mapping 'brazilian-abnt' -> 'brazilian-abnt-abnt'.

Package biblatex Info: Trying to load language 'brazilian-abnt'...
Package biblatex Info: ... file 'brazilian-abnt.lbx' found.
(/usr/share/texlive/texmf-dist/tex/latex/biblatex-abnt/brazilian-abnt.lbx
File: brazilian-abnt.lbx 2018-11-17 v3.4 ABNT BibLaTeX citation style
Package biblatex Info: Trying to load language 'brazilian' -> 'brazilian-abnt'...
Package biblatex Info: ... file 'brazilian-abnt.lbx' found.
 (/usr/share/texlive/texmf-dist/tex/latex/biblatex-abnt/brazilian-abnt.lbx
File: brazilian-abnt.lbx 2018-11-17 v3.4 ABNT BibLaTeX citation style
Package biblatex Info: Trying to load language 'brazilian'...
Package biblatex Info: ... file 'brazilian.lbx' found.
 (/usr/share/texlive/texmf-dist/tex/latex/biblatex/lbx/brazilian.lbx
File: brazilian.lbx 2019/12/01 v3.14 biblatex localization (PK/MW)
)))
Package biblatex Info: Trying to load language 'brazilian-abnt'...
Package biblatex Info: ... file 'brazilian-abnt.lbx' found.
 (/usr/share/texlive/texmf-dist/tex/latex/biblatex-abnt/brazilian-abnt.lbx
File: brazilian-abnt.lbx 2018-11-17 v3.4 ABNT BibLaTeX citation style
Package biblatex Info: Trying to load language 'brazilian' -> 'brazilian-abnt'...
Package biblatex Info: ... file 'brazilian-abnt.lbx' found.
 (/usr/share/texlive/texmf-dist/tex/latex/biblatex-abnt/brazilian-abnt.lbx
File: brazilian-abnt.lbx 2018-11-17 v3.4 ABNT BibLaTeX citation style
Package biblatex Info: Trying to load language 'brazilian'...
Package biblatex Info: ... file 'brazilian.lbx' found.
 (/usr/share/texlive/texmf-dist/tex/latex/biblatex/lbx/brazilian.lbx
File: brazilian.lbx 2019/12/01 v3.14 biblatex localization (PK/MW)
)
Package biblatex Info: Trying to load language 'brazil'...
Package biblatex Info: ... file 'brazil.lbx' found.
 (/usr/share/texlive/texmf-dist/tex/latex/biblatex/lbx/brazil.lbx
File: brazil.lbx 2019/12/01 v3.14 biblatex localization (PK/MW)
Package biblatex Info: Trying to load language 'brazilian'...
Package biblatex Info: ... file 'brazilian.lbx' found.
 (/usr/share/texlive/texmf-dist/tex/latex/biblatex/lbx/brazilian.lbx
File: brazilian.lbx 2019/12/01 v3.14 biblatex localization (PK/MW)
)))
Package biblatex Info: Trying to load language 'brazil'...
Package biblatex Info: ... file 'brazil.lbx' found.
 (/usr/share/texlive/texmf-dist/tex/latex/biblatex/lbx/brazil.lbx
File: brazil.lbx 2019/12/01 v3.14 biblatex localization (PK/MW)
Package biblatex Info: Trying to load language 'brazilian' -> 'brazilian-abnt'...
Package biblatex Info: ... file 'brazilian-abnt.lbx' found.
 (/usr/share/texlive/texmf-dist/tex/latex/biblatex-abnt/brazilian-abnt.lbx
File: brazilian-abnt.lbx 2018-11-17 v3.4 ABNT BibLaTeX citation style
Package biblatex Info: Trying to load language 'brazilian'...
Package biblatex Info: ... file 'brazilian.lbx' found.
 (/usr/share/texlive/texmf-dist/tex/latex/biblatex/lbx/brazilian.lbx
File: brazilian.lbx 2019/12/01 v3.14 biblatex localization (PK/MW)
)
Package biblatex Info: Trying to load language 'brazil'...
Package biblatex Info: ... file 'brazil.lbx' found.
 (/usr/share/texlive/texmf-dist/tex/latex/biblatex/lbx/brazil.lbx
File: brazil.lbx 2019/12/01 v3.14 biblatex localization (PK/MW)
Package biblatex Info: Trying to load language 'brazilian'...
Package biblatex Info: ... file 'brazilian.lbx' found.
 (/usr/share/texlive/texmf-dist/tex/latex/biblatex/lbx/brazilian.lbx
File: brazilian.lbx 2019/12/01 v3.14 biblatex localization (PK/MW)
))))))
Package biblatex Info: Trying to load language 'spanish' -> 'spanish-abnt'...
Package biblatex Info: ... file 'spanish-abnt.lbx' found.
 (/usr/share/texlive/texmf-dist/tex/latex/biblatex-abnt/spanish-abnt.lbx
File: spanish-abnt.lbx 2018-11-17 v3.4 ABNT BibLaTeX citation style
Package biblatex Info: Trying to load language 'spanish'...
Package biblatex Info: ... file 'spanish.lbx' found.
 (/usr/share/texlive/texmf-dist/tex/latex/biblatex/lbx/spanish.lbx
File: spanish.lbx 2019/12/01 v3.14 biblatex localization (PK/MW)
)
Package biblatex Info: Trying to load language 'spanish'...
Package biblatex Info: ... file 'spanish.lbx' found.
 (/usr/share/texlive/texmf-dist/tex/latex/biblatex/lbx/spanish.lbx
File: spanish.lbx 2019/12/01 v3.14 biblatex localization (PK/MW)
)
Package biblatex Info: Trying to load language 'spanish'...
Package biblatex Info: ... file 'spanish.lbx' found.
 (/usr/share/texlive/texmf-dist/tex/latex/biblatex/lbx/spanish.lbx
File: spanish.lbx 2019/12/01 v3.14 biblatex localization (PK/MW)
))
Package biblatex Info: Trying to load language 'english' -> 'english-abnt'...
Package biblatex Info: ... file 'english-abnt.lbx' found.
 (/usr/share/texlive/texmf-dist/tex/latex/biblatex-abnt/english-abnt.lbx
File: english-abnt.lbx 2018-11-17 v3.4 ABNT BibLaTeX citation style
Package biblatex Info: Trying to load language 'english'...
Package biblatex Info: ... file 'english.lbx' found.
 (/usr/share/texlive/texmf-dist/tex/latex/biblatex/lbx/english.lbx
File: english.lbx 2019/12/01 v3.14 biblatex localization (PK/MW)
)
Package biblatex Info: Trying to load language 'english'...
Package biblatex Info: ... file 'english.lbx' found.
 (/usr/share/texlive/texmf-dist/tex/latex/biblatex/lbx/english.lbx
File: english.lbx 2019/12/01 v3.14 biblatex localization (PK/MW)
)
Package biblatex Info: Trying to load language 'english'...
Package biblatex Info: ... file 'english.lbx' found.
 (/usr/share/texlive/texmf-dist/tex/latex/biblatex/lbx/english.lbx
File: english.lbx 2019/12/01 v3.14 biblatex localization (PK/MW)
))
Package biblatex Info: Input encoding 'utf8' detected.
Package biblatex Info: Automatic encoding selection.
(biblatex)             Assuming data encoding 'utf8'.
\openout6 = `main.bcf'.

Package biblatex Info: Trying to load bibliographic data...
Package biblatex Info: ... file 'main.bbl' found.
 (/home/pabsantos/Documents/masters_quali/main.bbl)
Package biblatex Info: Reference section=0 on input line 82.
Package biblatex Info: Reference segment=0 on input line 82.

Package pgfplots notification 'compat/show suggested version=true': you might benefit from \pgfplotsset{compat=1.17} (current compat level: 1.15).

(/home/pabsantos/Documents/masters_quali/00-pretextual.tex
<fig/capaufpr.png, id=34, 125.5089pt x 142.3719pt>
File: fig/capaufpr.png Graphic file (type png)
<use fig/capaufpr.png>
Package pdftex.def Info: fig/capaufpr.png  used on input line 9.
(pdftex.def)             Requested size: 597.50787pt x 677.83327pt.
 [1

{/var/lib/texmf/fonts/map/pdftex/updmap/pdftex.map} </home/pabsantos/Documents/masters_quali/fig/capaufpr.png>]
Underfull \hbox (badness 10000) in paragraph at lines 14--14
[]\T1/phv/m/n/10.95 (+20) Co-supervisor: Prof. Dr. Os-car Oviedo-
 []

(/usr/share/texlive/texmf-dist/tex/latex/microtype/mt-cmr.cfg
File: mt-cmr.cfg 2013/05/19 v2.2 microtype config. file: Computer Modern Roman (RS)
)pdfTeX warning (ext4): destination with the same identifier (name{page.1}) has been already used, duplicate ignored
<to be read again> 
                   \relax 
l.14 
      [1



] [2] [3

] (/home/pabsantos/Documents/masters_quali/main.lof
Overfull \hbox (2.8699pt too wide) in paragraph at lines 21--21
 [][] [][][]\T1/phv/m/n/12 (-20) MOTORIZATION RATES ON BRAZIL-IAN STATES CAP-I-TAL CITIES, 
 []

[4

]) [5] (/home/pabsantos/Documents/masters_quali/main.lot) [6

] (/home/pabsantos/Documents/masters_quali/main.toc)) (/home/pabsantos/Documents/masters_quali/cap01.tex [7

] [8

] [9]
<fig/oecd.png, id=337, 668.4975pt x 459.7175pt>
File: fig/oecd.png Graphic file (type png)
<use fig/oecd.png>
Package pdftex.def Info: fig/oecd.png  used on input line 52.
(pdftex.def)             Requested size: 364.00139pt x 250.32712pt.
 [10

] [11 </home/pabsantos/Documents/masters_quali/fig/oecd.png>]
<fig/brazil_abs.pdf, id=365, 433.62pt x 252.945pt>
File: fig/brazil_abs.pdf Graphic file (type pdf)
<use fig/brazil_abs.pdf>
Package pdftex.def Info: fig/brazil_abs.pdf  used on input line 69.
(pdftex.def)             Requested size: 433.61894pt x 252.94438pt.
<fig/brazil_mort.pdf, id=369, 433.62pt x 252.945pt>
File: fig/brazil_mort.pdf Graphic file (type pdf)
<use fig/brazil_mort.pdf>
Package pdftex.def Info: fig/brazil_mort.pdf  used on input line 80.
(pdftex.def)             Requested size: 433.61894pt x 252.94438pt.
 [12 </home/pabsantos/Documents/masters_quali/fig/brazil_abs.pdf>]
<fig/brazil_fatality.pdf, id=391, 433.62pt x 252.945pt>
File: fig/brazil_fatality.pdf Graphic file (type pdf)
<use fig/brazil_fatality.pdf>
Package pdftex.def Info: fig/brazil_fatality.pdf  used on input line 91.
(pdftex.def)             Requested size: 433.61894pt x 252.94438pt.
 [13 </home/pabsantos/Documents/masters_quali/fig/brazil_mort.pdf> </home/pabsantos/Documents/masters_quali/fig/brazil_fatality.pdf>]
<fig/brazil_motor.pdf, id=417, 433.62pt x 252.945pt>
File: fig/brazil_motor.pdf Graphic file (type pdf)
<use fig/brazil_motor.pdf>
Package pdftex.def Info: fig/brazil_motor.pdf  used on input line 104.
(pdftex.def)             Requested size: 433.61894pt x 252.94438pt.
 [14 </home/pabsantos/Documents/masters_quali/fig/brazil_motor.pdf>]
<fig/cwb_abs.pdf, id=443, 433.62pt x 252.945pt>
File: fig/cwb_abs.pdf Graphic file (type pdf)
<use fig/cwb_abs.pdf>
Package pdftex.def Info: fig/cwb_abs.pdf  used on input line 117.
(pdftex.def)             Requested size: 433.61894pt x 252.94438pt.
<fig/cap_motor.pdf, id=447, 433.62pt x 252.945pt>
File: fig/cap_motor.pdf Graphic file (type pdf)
<use fig/cap_motor.pdf>
Package pdftex.def Info: fig/cap_motor.pdf  used on input line 128.
(pdftex.def)             Requested size: 433.61894pt x 252.94438pt.
 [15 </home/pabsantos/Documents/masters_quali/fig/cwb_abs.pdf>]
<fig/cap_mort.pdf, id=467, 433.62pt x 252.945pt>
File: fig/cap_mort.pdf Graphic file (type pdf)
<use fig/cap_mort.pdf>
Package pdftex.def Info: fig/cap_mort.pdf  used on input line 139.
(pdftex.def)             Requested size: 433.61894pt x 252.94438pt.
<fig/cap_fatal.pdf, id=473, 433.62pt x 252.945pt>
File: fig/cap_fatal.pdf Graphic file (type pdf)
<use fig/cap_fatal.pdf>
Package pdftex.def Info: fig/cap_fatal.pdf  used on input line 150.
(pdftex.def)             Requested size: 433.61894pt x 252.94438pt.
 [16 </home/pabsantos/Documents/masters_quali/fig/cap_motor.pdf>] [17 </home/pabsantos/Documents/masters_quali/fig/cap_mort.pdf> </home/pabsantos/Documents/masters_quali/fig/cap_fatal.pdf>]
<fig/haddon.pdf, id=507, 335.33278pt x 212.71469pt>
File: fig/haddon.pdf Graphic file (type pdf)
<use fig/haddon.pdf>
Package pdftex.def Info: fig/haddon.pdf  used on input line 163.
(pdftex.def)             Requested size: 335.33195pt x 212.71416pt.
 [18 </home/pabsantos/Documents/masters_quali/fig/haddon.pdf>] [19]
<fig/braking2.png, id=560, 1280.785pt x 734.745pt>
File: fig/braking2.png Graphic file (type png)
<use fig/braking2.png>
Package pdftex.def Info: fig/braking2.png  used on input line 188.
(pdftex.def)             Requested size: 364.00139pt x 208.81029pt.
 [20 </home/pabsantos/Documents/masters_quali/fig/braking2.png>]
<fig/kinetic.pdf, id=572, 433.62pt x 252.945pt>
File: fig/kinetic.pdf Graphic file (type pdf)
<use fig/kinetic.pdf>
Package pdftex.def Info: fig/kinetic.pdf  used on input line 202.
(pdftex.def)             Requested size: 433.61894pt x 252.94438pt.
<fig/ash.pdf, id=576, 433.62pt x 252.945pt>
File: fig/ash.pdf Graphic file (type pdf)
<use fig/ash.pdf>
Package pdftex.def Info: fig/ash.pdf  used on input line 213.
(pdftex.def)             Requested size: 433.61894pt x 252.94438pt.
 [21 </home/pabsantos/Documents/masters_quali/fig/kinetic.pdf>] [22 </home/pabsantos/Documents/masters_quali/fig/ash.pdf>] [23]
<fig/svd.png, id=650, 826.08624pt x 716.6775pt>
File: fig/svd.png Graphic file (type png)
<use fig/svd.png>
Package pdftex.def Info: fig/svd.png  used on input line 255.
(pdftex.def)             Requested size: 364.00139pt x 315.79837pt.
 [24 </home/pabsantos/Documents/masters_quali/fig/svd.png>]
<fig/richards.pdf, id=674, 436.5108pt x 139.4811pt>
File: fig/richards.pdf Graphic file (type pdf)
<use fig/richards.pdf>
Package pdftex.def Info: fig/richards.pdf  used on input line 274.
(pdftex.def)             Requested size: 436.50972pt x 139.48074pt.
 [25] [26 </home/pabsantos/Documents/masters_quali/fig/richards.pdf>]

pdfTeX warning: pdflatex (file /home/pabsantos/Documents/masters_quali/fig/ewing.pdf): PDF inclusion: found PDF version <1.7>, but at most version <1.5> allowed
<fig/ewing.pdf, id=743, 349.305pt x 139.4811pt>
File: fig/ewing.pdf Graphic file (type pdf)
<use fig/ewing.pdf>
Package pdftex.def Info: fig/ewing.pdf  used on input line 301.
(pdftex.def)             Requested size: 349.30414pt x 139.48074pt.
[27 </home/pabsantos/Documents/masters_quali/fig/ewing.pdf>] [28] [29]
Overfull \hbox (4.94588pt too wide) in paragraph at lines 429--462
 [][] 
 []

[30] [31] [32]
Overfull \hbox (4.94589pt too wide) in paragraph at lines 510--521
 [][] 
 []

[33]
<fig/axes.png, id=1088, 497.86pt x 573.14125pt>
File: fig/axes.png Graphic file (type png)
<use fig/axes.png>
Package pdftex.def Info: fig/axes.png  used on input line 574.
(pdftex.def)             Requested size: 227.5pt x 261.90784pt.
<fig/macro2.png, id=1094, 542.025pt x 565.11125pt>
File: fig/macro2.png Graphic file (type png)
<use fig/macro2.png>
Package pdftex.def Info: fig/macro2.png  used on input line 585.
(pdftex.def)             Requested size: 273.00278pt x 284.64166pt.
 [34] [35 </home/pabsantos/Documents/masters_quali/fig/axes.png> </home/pabsantos/Documents/masters_quali/fig/macro2.png>]

pdfTeX warning: pdflatex (file /home/pabsantos/Documents/masters_quali/fig/studies.pdf): PDF inclusion: found PDF version <1.7>, but at most version <1.5> allowed
<fig/studies.pdf, id=1116, 319.1925pt x 118.5228pt>
File: fig/studies.pdf Graphic file (type pdf)
<use fig/studies.pdf>
Package pdftex.def Info: fig/studies.pdf  used on input line 602.
(pdftex.def)             Requested size: 319.19171pt x 118.52249pt.
[36 </home/pabsantos/Documents/masters_quali/fig/studies.pdf>] [37] [38] [39] [40] [41] [42]
<fig/kernel.pdf, id=1267, 433.62pt x 252.945pt>
File: fig/kernel.pdf Graphic file (type pdf)
<use fig/kernel.pdf>
Package pdftex.def Info: fig/kernel.pdf  used on input line 724.
(pdftex.def)             Requested size: 433.61894pt x 252.94438pt.
 [43 </home/pabsantos/Documents/masters_quali/fig/kernel.pdf>]
Underfull \hbox (badness 10000) in paragraph at lines 748--748
[]|\T1/phv/m/n/10 (+20) Bisquare,
 []


Underfull \hbox (badness 10000) in paragraph at lines 749--749
[]|\T1/phv/m/n/10 (+20) Bisquare,
 []


Underfull \hbox (badness 10000) in paragraph at lines 750--750
[]|\T1/phv/m/n/10 (+20) Bisquare,
 []


Underfull \hbox (badness 10000) in paragraph at lines 754--754
[]|\T1/phv/m/n/10 (+20) Bisquare,
 []

[44]
<fig/cam_install.png, id=1332, 365.365pt x 253.94875pt>
File: fig/cam_install.png Graphic file (type png)
<use fig/cam_install.png>
Package pdftex.def Info: fig/cam_install.png  used on input line 787.
(pdftex.def)             Requested size: 273.00278pt x 189.75972pt.
 [45

 </home/pabsantos/Documents/masters_quali/fig/cam_install.png>]
<fig/cam_cap.png, id=1341, 577.15625pt x 144.54pt>
File: fig/cam_cap.png Graphic file (type png)
<use fig/cam_cap.png>
Package pdftex.def Info: fig/cam_cap.png  used on input line 798.
(pdftex.def)             Requested size: 409.49722pt x 102.55573pt.


pdfTeX warning: pdflatex (file /home/pabsantos/Documents/masters_quali/fig/DAS.pdf): PDF inclusion: found PDF version <1.7>, but at most version <1.5> allowed
<fig/DAS.pdf, id=1345, 421.575pt x 132.495pt>
File: fig/DAS.pdf Graphic file (type pdf)
<use fig/DAS.pdf>
Package pdftex.def Info: fig/DAS.pdf  used on input line 811.
(pdftex.def)             Requested size: 421.57396pt x 132.49466pt.
[46 </home/pabsantos/Documents/masters_quali/fig/cam_cap.png> </home/pabsantos/Documents/masters_quali/fig/DAS.pdf>]

pdfTeX warning: pdflatex (file /home/pabsantos/Documents/masters_quali/fig/validtime.pdf): PDF inclusion: found PDF version <1.7>, but at most version <1.5> allowed
<fig/validtime.pdf, id=1362, 442.53331pt x 110.3322pt>
File: fig/validtime.pdf Graphic file (type pdf)
<use fig/validtime.pdf>
Package pdftex.def Info: fig/validtime.pdf  used on input line 824.
(pdftex.def)             Requested size: 442.53223pt x 110.33191pt.
[47 </home/pabsantos/Documents/masters_quali/fig/validtime.pdf>]

pdfTeX warning: pdflatex (file /home/pabsantos/Documents/masters_quali/fig/methods.pdf): PDF inclusion: found PDF version <1.7>, but at most version <1.5> allowed
<fig/methods.pdf, id=1378, 443.7378pt x 182.6022pt>
File: fig/methods.pdf Graphic file (type pdf)
<use fig/methods.pdf>
Package pdftex.def Info: fig/methods.pdf  used on input line 887.
(pdftex.def)             Requested size: 443.73671pt x 182.60175pt.
<fig/buffer.pdf, id=1384, 334.3692pt x 74.1972pt>
File: fig/buffer.pdf Graphic file (type pdf)
<use fig/buffer.pdf>
Package pdftex.def Info: fig/buffer.pdf  used on input line 908.
(pdftex.def)             Requested size: 334.36838pt x 74.197pt.
[48]
<fig/spd_occur.pdf, id=1396, 433.62pt x 289.08pt>
File: fig/spd_occur.pdf Graphic file (type pdf)
<use fig/spd_occur.pdf>
Package pdftex.def Info: fig/spd_occur.pdf  used on input line 923.
(pdftex.def)             Requested size: 433.61894pt x 289.07928pt.
 [49 </home/pabsantos/Documents/masters_quali/fig/methods.pdf> </home/pabsantos/Documents/masters_quali/fig/buffer.pdf>] [50 </home/pabsantos/Documents/masters_quali/fig/spd_occur.pdf>]
<fig/map_PD+LDI.pdf, id=1458, 433.62pt x 289.08pt>
File: fig/map_PD+LDI.pdf Graphic file (type pdf)
<use fig/map_PD+LDI.pdf>
Package pdftex.def Info: fig/map_PD+LDI.pdf  used on input line 982.
(pdftex.def)             Requested size: 433.61894pt x 289.07928pt.
 [51 </home/pabsantos/Documents/masters_quali/fig/map_PD+LDI.pdf>]
<fig/map_DIS+DSC.pdf, id=1489, 433.62pt x 289.08pt>
File: fig/map_DIS+DSC.pdf Graphic file (type pdf)
<use fig/map_DIS+DSC.pdf>
Package pdftex.def Info: fig/map_DIS+DSC.pdf  used on input line 993.
(pdftex.def)             Requested size: 433.61894pt x 289.07928pt.
<fig/map_TSD+PAR.pdf, id=1498, 433.62pt x 289.08pt>
File: fig/map_TSD+PAR.pdf Graphic file (type pdf)
<use fig/map_TSD+PAR.pdf>
Package pdftex.def Info: fig/map_TSD+PAR.pdf  used on input line 1004.
(pdftex.def)             Requested size: 433.61894pt x 289.07928pt.
<fig/map_SND+DCSU.pdf, id=1505, 433.62pt x 289.08pt>
File: fig/map_SND+DCSU.pdf Graphic file (type pdf)
<use fig/map_SND+DCSU.pdf>
Package pdftex.def Info: fig/map_SND+DCSU.pdf  used on input line 1015.
(pdftex.def)             Requested size: 433.61894pt x 289.07928pt.
 [52 </home/pabsantos/Documents/masters_quali/fig/map_DIS+DSC.pdf>]
<fig/map_BSD+AVI.pdf, id=1529, 433.62pt x 289.08pt>
File: fig/map_BSD+AVI.pdf Graphic file (type pdf)
<use fig/map_BSD+AVI.pdf>
Package pdftex.def Info: fig/map_BSD+AVI.pdf  used on input line 1026.
(pdftex.def)             Requested size: 433.61894pt x 289.07928pt.
<fig/gwr-method.pdf, id=1541, 435.54718pt x 146.4672pt>
File: fig/gwr-method.pdf Graphic file (type pdf)
<use fig/gwr-method.pdf>
Package pdftex.def Info: fig/gwr-method.pdf  used on input line 1055.
(pdftex.def)             Requested size: 435.5461pt x 146.46683pt.
 [53 </home/pabsantos/Documents/masters_quali/fig/map_TSD+PAR.pdf>] [54 </home/pabsantos/Documents/masters_quali/fig/map_SND+DCSU.pdf> </home/pabsantos/Documents/masters_quali/fig/map_BSD+AVI.pdf>]
LaTeX Font Info:    Trying to load font information for T1+cmtt on input line 1068.
 (/usr/share/texlive/texmf-dist/tex/latex/base/t1cmtt.fd
File: t1cmtt.fd 2019/12/16 v2.5j Standard LaTeX font definitions
)
Package microtype Info: Loading generic protrusion settings for font family
(microtype)             `cmtt' (encoding: T1).
(microtype)             For optimal results, create family-specific settings.
(microtype)             See the microtype manual for details.
 [55 </home/pabsantos/Documents/masters_quali/fig/gwr-method.pdf>] [56] [57

]
<fig/dotw_dist.pdf, id=1642, 433.62pt x 252.945pt>
File: fig/dotw_dist.pdf Graphic file (type pdf)
<use fig/dotw_dist.pdf>
Package pdftex.def Info: fig/dotw_dist.pdf  used on input line 1142.
(pdftex.def)             Requested size: 433.61894pt x 252.94438pt.
<fig/dotw_trips.pdf, id=1643, 433.62pt x 252.945pt>
File: fig/dotw_trips.pdf Graphic file (type pdf)
<use fig/dotw_trips.pdf>
Package pdftex.def Info: fig/dotw_trips.pdf  used on input line 1153.
(pdftex.def)             Requested size: 433.61894pt x 252.94438pt.
<fig/hotd_dist.pdf, id=1644, 433.62pt x 252.945pt>
File: fig/hotd_dist.pdf Graphic file (type pdf)
<use fig/hotd_dist.pdf>
Package pdftex.def Info: fig/hotd_dist.pdf  used on input line 1164.
(pdftex.def)             Requested size: 433.61894pt x 252.94438pt.
<fig/hotd_trip.pdf, id=1645, 433.62pt x 252.945pt>
File: fig/hotd_trip.pdf Graphic file (type pdf)
<use fig/hotd_trip.pdf>
Package pdftex.def Info: fig/hotd_trip.pdf  used on input line 1175.
(pdftex.def)             Requested size: 433.61894pt x 252.94438pt.
 [58 </home/pabsantos/Documents/masters_quali/fig/dotw_dist.pdf> </home/pabsantos/Documents/masters_quali/fig/dotw_trips.pdf>] [59 </home/pabsantos/Documents/masters_quali/fig/hotd_dist.pdf> </home/pabsantos/Documents/masters_quali/fig/hotd_trip.pdf>]
<fig/taz_travel.pdf, id=1676, 433.62pt x 252.945pt>
File: fig/taz_travel.pdf Graphic file (type pdf)
<use fig/taz_travel.pdf>
Package pdftex.def Info: fig/taz_travel.pdf  used on input line 1188.
(pdftex.def)             Requested size: 433.61894pt x 252.94438pt.
<fig/dotw_sp.pdf, id=1680, 433.62pt x 252.945pt>
File: fig/dotw_sp.pdf Graphic file (type pdf)
<use fig/dotw_sp.pdf>
Package pdftex.def Info: fig/dotw_sp.pdf  used on input line 1244.
(pdftex.def)             Requested size: 433.61894pt x 252.94438pt.
<fig/hotd_sp.pdf, id=1681, 433.62pt x 252.945pt>
File: fig/hotd_sp.pdf Graphic file (type pdf)
<use fig/hotd_sp.pdf>
Package pdftex.def Info: fig/hotd_sp.pdf  used on input line 1253.
(pdftex.def)             Requested size: 433.61894pt x 252.94438pt.
 [60 </home/pabsantos/Documents/masters_quali/fig/taz_travel.pdf>] [61 </home/pabsantos/Documents/masters_quali/fig/dotw_sp.pdf>]
<fig/sp_zones.pdf, id=1708, 433.62pt x 252.945pt>
File: fig/sp_zones.pdf Graphic file (type pdf)
<use fig/sp_zones.pdf>
Package pdftex.def Info: fig/sp_zones.pdf  used on input line 1266.
(pdftex.def)             Requested size: 433.61894pt x 252.94438pt.
<fig/taz_filter.png, id=1712, 433.62pt x 252.945pt>
File: fig/taz_filter.png Graphic file (type png)
<use fig/taz_filter.png>
Package pdftex.def Info: fig/taz_filter.png  used on input line 1286.
(pdftex.def)             Requested size: 433.61894pt x 252.94438pt.
 [62 </home/pabsantos/Documents/masters_quali/fig/hotd_sp.pdf>] [63 </home/pabsantos/Documents/masters_quali/fig/sp_zones.pdf> </home/pabsantos/Documents/masters_quali/fig/taz_filter.png (PNG copy)>]
<fig/taz_sp.png, id=1737, 433.62pt x 252.945pt>
File: fig/taz_sp.png Graphic file (type png)
<use fig/taz_sp.png>
Package pdftex.def Info: fig/taz_sp.png  used on input line 1330.
(pdftex.def)             Requested size: 433.61894pt x 252.94438pt.
<fig/corr_spear.pdf, id=1739, 433.62pt x 252.945pt>
File: fig/corr_spear.pdf Graphic file (type pdf)
<use fig/corr_spear.pdf>
Package pdftex.def Info: fig/corr_spear.pdf  used on input line 1343.
(pdftex.def)             Requested size: 433.61894pt x 252.94438pt.
 [64 </home/pabsantos/Documents/masters_quali/fig/taz_sp.png (PNG copy)>] [65 </home/pabsantos/Documents/masters_quali/fig/corr_spear.pdf>]
<fig/r2_map.png, id=1760, 216.81pt x 252.945pt>
File: fig/r2_map.png Graphic file (type png)
<use fig/r2_map.png>
Package pdftex.def Info: fig/r2_map.png  used on input line 1447.
(pdftex.def)             Requested size: 216.80946pt x 252.94438pt.
 [66]
<fig/mean_map.png, id=1767, 216.81pt x 252.945pt>
File: fig/mean_map.png Graphic file (type png)
<use fig/mean_map.png>
Package pdftex.def Info: fig/mean_map.png  used on input line 1461.
(pdftex.def)             Requested size: 216.80946pt x 252.94438pt.
<fig/sd_map.png, id=1768, 216.81pt x 252.945pt>
File: fig/sd_map.png Graphic file (type png)
<use fig/sd_map.png>
Package pdftex.def Info: fig/sd_map.png  used on input line 1464.
(pdftex.def)             Requested size: 216.80946pt x 252.94438pt.
<fig/DSC.png, id=1769, 216.81pt x 252.945pt>
File: fig/DSC.png Graphic file (type png)
<use fig/DSC.png>
Package pdftex.def Info: fig/DSC.png  used on input line 1481.
(pdftex.def)             Requested size: 216.80946pt x 252.94438pt.
<fig/PAR.png, id=1770, 216.81pt x 252.945pt>
File: fig/PAR.png Graphic file (type png)
<use fig/PAR.png>
Package pdftex.def Info: fig/PAR.png  used on input line 1484.
(pdftex.def)             Requested size: 216.80946pt x 252.94438pt.
<fig/DIS.png, id=1771, 216.81pt x 252.945pt>
File: fig/DIS.png Graphic file (type png)
<use fig/DIS.png>
Package pdftex.def Info: fig/DIS.png  used on input line 1497.
(pdftex.def)             Requested size: 216.80946pt x 252.94438pt.
<fig/DCSU.png, id=1772, 216.81pt x 252.945pt>
File: fig/DCSU.png Graphic file (type png)
<use fig/DCSU.png>
Package pdftex.def Info: fig/DCSU.png  used on input line 1500.
(pdftex.def)             Requested size: 216.80946pt x 252.94438pt.
<fig/AVI.png, id=1773, 216.81pt x 252.945pt>
File: fig/AVI.png Graphic file (type png)
<use fig/AVI.png>
Package pdftex.def Info: fig/AVI.png  used on input line 1513.
(pdftex.def)             Requested size: 216.80946pt x 252.94438pt.
<fig/PD.png, id=1774, 216.81pt x 252.945pt>
File: fig/PD.png Graphic file (type png)
<use fig/PD.png>
Package pdftex.def Info: fig/PD.png  used on input line 1516.
(pdftex.def)             Requested size: 216.80946pt x 252.94438pt.
<fig/LDI.png, id=1775, 216.81pt x 252.945pt>
File: fig/LDI.png Graphic file (type png)
<use fig/LDI.png>
Package pdftex.def Info: fig/LDI.png  used on input line 1529.
(pdftex.def)             Requested size: 216.80946pt x 252.94438pt.
<fig/BSD.png, id=1776, 216.81pt x 252.945pt>
File: fig/BSD.png Graphic file (type png)
<use fig/BSD.png>
Package pdftex.def Info: fig/BSD.png  used on input line 1532.
(pdftex.def)             Requested size: 216.80946pt x 252.94438pt.
 [67 </home/pabsantos/Documents/masters_quali/fig/r2_map.png (PNG copy)> </home/pabsantos/Documents/masters_quali/fig/mean_map.png (PNG copy)> </home/pabsantos/Documents/masters_quali/fig/sd_map.png (PNG copy)>] [68 </home/pabsantos/Documents/masters_quali/fig/DSC.png (PNG copy)> </home/pabsantos/Documents/masters_quali/fig/PAR.png (PNG copy)> </home/pabsantos/Documents/masters_quali/fig/DIS.png (PNG copy)> </home/pabsantos/Documents/masters_quali/fig/DCSU.png (PNG copy)>] [69 </home/pabsantos/Documents/masters_quali/fig/AVI.png (PNG copy)> </home/pabsantos/Documents/masters_quali/fig/PD.png (PNG copy)> </home/pabsantos/Documents/masters_quali/fig/LDI.png (PNG copy)> </home/pabsantos/Documents/masters_quali/fig/BSD.png (PNG copy)>] [70]) [71

] [72

]
LaTeX Font Info:    Trying to load font information for TS1+phv on input line 160.
 (/usr/share/texlive/texmf-dist/tex/latex/psnfss/ts1phv.fd
File: ts1phv.fd 2020/03/25 scalable font definitions for TS1/phv.
)
Package microtype Info: Loading generic protrusion settings for font family
(microtype)             `phv' (encoding: TS1).
(microtype)             For optimal results, create family-specific settings.
(microtype)             See the microtype manual for details.

Overfull \hbox (915.1694pt too wide) in paragraph at lines 160--160
\T1/phv/m/n/12 (-20) http://www.anpet.org.br/anais34/documentos/2020/Tr%7B%5C'%7Ba%7D%7Dfego%20Urbano%20e%20Rodovi%7B%5C'%7Ba%7D%7Drio/Seguran%7B%5Cc%7Bc%7D%7Da%20Vi%7B%5C'%7Ba%7D%7Dria%20III/5%7B%5C_%7D332%7B%5C_%7DCT.pdf. 
 []

[73] [74] [75] [76] [77] [78] [79]
Overfull \hbox (14.79782pt too wide) in paragraph at lines 160--160
\T1/phv/m/n/12 (-20) http://www.scielo.br/scielo.php?script=sci%7B%5C_%7Darttext%7B%5C&%7Dpid=S0102- 
 []

[80] [81] [82] [83] (/home/pabsantos/Documents/masters_quali/ap01.tex [84] (/usr/share/texlive/texmf-dist/tex/latex/listings/lstlang1.sty
File: lstlang1.sty 2020/03/24 1.8d listings language file
)
Package hyperref Info: bookmark level for unknown lstlisting defaults to 0 on input line 6.
 (/home/pabsantos/Documents/masters_quali/code/points2path.py) [85

] (/usr/share/texlive/texmf-dist/tex/latex/listings/lstlang1.sty
File: lstlang1.sty 2020/03/24 1.8d listings language file
) (/usr/share/texlive/texmf-dist/tex/latex/listings/lstlang2.sty
File: lstlang2.sty 2020/03/24 1.8d listings language file
) (/usr/share/texlive/texmf-dist/tex/latex/listings/lstlang3.sty
File: lstlang3.sty 2020/03/24 1.8d listings language file
) (/home/pabsantos/Documents/masters_quali/code/gwr2.R [86

] [87] [88] [89] [90] [91])) (/home/pabsantos/Documents/masters_quali/ax01.tex [92] (/home/pabsantos/Documents/masters_quali/code/gps2csv.py [93

] [94] [95]) (/home/pabsantos/Documents/masters_quali/code/functions.py [96]) (/home/pabsantos/Documents/masters_quali/code/gpsread-v1.py [97] [98]) (/home/pabsantos/Documents/masters_quali/code/video.py [99])) 
AED: lastpage setting LastPage
[100]
\tf@lof=\write8
\openout8 = `main.lof'.

\tf@lot=\write9
\openout9 = `main.lot'.

\tf@toc=\write10
\openout10 = `main.toc'.

Package atveryend Info: Empty hook `BeforeClearDocument' on input line 253.
Package atveryend Info: Empty hook `AfterLastShipout' on input line 253.
 (/home/pabsantos/Documents/masters_quali/main.aux)
Package atveryend Info: Executing hook `AtVeryEndDocument' on input line 253.
Package atveryend Info: Empty hook `AtEndAfterFileList' on input line 253.
Package logreq Info: Writing requests to 'main.run.xml'.
\openout1 = `main.run.xml'.

Package atveryend Info: Empty hook `AtVeryVeryEnd' on input line 253.
 ) 
Here is how much of TeX's memory you used:
 53688 strings out of 480906
 1132121 string characters out of 5910772
 2438258 words of memory out of 5000000
 67179 multiletter control sequences out of 15000+600000
 563962 words of font info for 164 fonts, out of 8000000 for 9000
 1141 hyphenation exceptions out of 8191
 78i,18n,121p,1322b,4154s stack positions out of 5000i,500n,10000p,200000b,80000s
{/usr/share/texmf/fonts/enc/dvips/cm-super/cm-super-t1.enc}{/usr/share/texlive/texmf-dist/fonts/enc/dvips/base/8r.enc}</usr/share/texlive/texmf-dist/fonts/type1/public/amsfonts/cm/cmex10.pfb></usr/share/texlive/texmf-dist/fonts/type1/public/amsfonts/cm/cmmi10.pfb></usr/share/texlive/texmf-dist/fonts/type1/public/amsfonts/cm/cmmi12.pfb></usr/share/texlive/texmf-dist/fonts/type1/public/amsfonts/cm/cmmi5.pfb></usr/share/texlive/texmf-dist/fonts/type1/public/amsfonts/cm/cmmi7.pfb></usr/share/texlive/texmf-dist/fonts/type1/public/amsfonts/cm/cmmi8.pfb></usr/share/texlive/texmf-dist/fonts/type1/public/amsfonts/cm/cmr10.pfb></usr/share/texlive/texmf-dist/fonts/type1/public/amsfonts/cm/cmr12.pfb></usr/share/texlive/texmf-dist/fonts/type1/public/amsfonts/cm/cmr7.pfb></usr/share/texlive/texmf-dist/fonts/type1/public/amsfonts/cm/cmr8.pfb></usr/share/texlive/texmf-dist/fonts/type1/public/amsfonts/cm/cmsy10.pfb></usr/share/texlive/texmf-dist/fonts/type1/public/amsfonts/cm/cmsy7.pfb></usr/share/texlive/texmf-dist/fonts/type1/public/amsfonts/cm/cmsy8.pfb></usr/share/texmf/fonts/type1/public/cm-super/sftt1000.pfb></usr/share/texmf/fonts/type1/public/cm-super/sftt1200.pfb></usr/share/texlive/texmf-dist/fonts/type1/urw/helvetic/uhvb8a.pfb></usr/share/texlive/texmf-dist/fonts/type1/urw/helvetic/uhvr8a.pfb>
Output written on /home/pabsantos/Documents/masters_quali/main.pdf (101 pages, 6981771 bytes).
PDF statistics:
 3185 PDF objects out of 3580 (max. 8388607)
 2890 compressed objects within 29 object streams
 950 named destinations out of 1000 (max. 500000)
 22673 words of extra memory for PDF output out of 24883 (max. 10000000)

